<?xml version="1.0" encoding="UTF-8"?>
<coverage generated="1760549650760" clover="3.2.0">
  <project timestamp="1760549650760" name="All files">
    <metrics statements="714" coveredstatements="642" conditionals="97" coveredconditionals="87" methods="30" coveredmethods="26" elements="841" coveredelements="755" complexity="0" loc="714" ncloc="714" packages="6" files="12" classes="12"/>
    <package name="lineup-manager">
      <metrics statements="6" coveredstatements="0" conditionals="1" coveredconditionals="0" methods="1" coveredmethods="0"/>
      <file name="postcss.config.js" path="C:\Users\arthu\Documents\Git\lineup-manager\postcss.config.js">
        <metrics statements="6" coveredstatements="0" conditionals="1" coveredconditionals="0" methods="1" coveredmethods="0"/>
        <line num="1" count="0" type="cond" truecount="0" falsecount="1"/>
        <line num="2" count="0" type="stmt"/>
        <line num="3" count="0" type="stmt"/>
        <line num="4" count="0" type="stmt"/>
        <line num="5" count="0" type="stmt"/>
        <line num="6" count="0" type="stmt"/>
      </file>
    </package>
    <package name="lineup-manager.src">
      <metrics statements="45" coveredstatements="0" conditionals="2" coveredconditionals="0" methods="2" coveredmethods="0"/>
      <file name="App.tsx" path="C:\Users\arthu\Documents\Git\lineup-manager\src\App.tsx">
        <metrics statements="36" coveredstatements="0" conditionals="1" coveredconditionals="0" methods="1" coveredmethods="0"/>
        <line num="1" count="0" type="cond" truecount="0" falsecount="1"/>
        <line num="2" count="0" type="stmt"/>
        <line num="3" count="0" type="stmt"/>
        <line num="4" count="0" type="stmt"/>
        <line num="5" count="0" type="stmt"/>
        <line num="6" count="0" type="stmt"/>
        <line num="7" count="0" type="stmt"/>
        <line num="8" count="0" type="stmt"/>
        <line num="10" count="0" type="stmt"/>
        <line num="11" count="0" type="stmt"/>
        <line num="12" count="0" type="stmt"/>
        <line num="13" count="0" type="stmt"/>
        <line num="14" count="0" type="stmt"/>
        <line num="15" count="0" type="stmt"/>
        <line num="16" count="0" type="stmt"/>
        <line num="17" count="0" type="stmt"/>
        <line num="18" count="0" type="stmt"/>
        <line num="19" count="0" type="stmt"/>
        <line num="20" count="0" type="stmt"/>
        <line num="21" count="0" type="stmt"/>
        <line num="22" count="0" type="stmt"/>
        <line num="23" count="0" type="stmt"/>
        <line num="25" count="0" type="stmt"/>
        <line num="26" count="0" type="stmt"/>
        <line num="27" count="0" type="stmt"/>
        <line num="28" count="0" type="stmt"/>
        <line num="29" count="0" type="stmt"/>
        <line num="30" count="0" type="stmt"/>
        <line num="31" count="0" type="stmt"/>
        <line num="33" count="0" type="stmt"/>
        <line num="34" count="0" type="stmt"/>
        <line num="35" count="0" type="stmt"/>
        <line num="36" count="0" type="stmt"/>
        <line num="37" count="0" type="stmt"/>
        <line num="39" count="0" type="stmt"/>
        <line num="41" count="0" type="stmt"/>
      </file>
      <file name="main.tsx" path="C:\Users\arthu\Documents\Git\lineup-manager\src\main.tsx">
        <metrics statements="9" coveredstatements="0" conditionals="1" coveredconditionals="0" methods="1" coveredmethods="0"/>
        <line num="1" count="0" type="cond" truecount="0" falsecount="1"/>
        <line num="2" count="0" type="stmt"/>
        <line num="3" count="0" type="stmt"/>
        <line num="4" count="0" type="stmt"/>
        <line num="6" count="0" type="stmt"/>
        <line num="7" count="0" type="stmt"/>
        <line num="8" count="0" type="stmt"/>
        <line num="9" count="0" type="stmt"/>
        <line num="10" count="0" type="stmt"/>
      </file>
    </package>
    <package name="lineup-manager.src.components">
      <metrics statements="70" coveredstatements="58" conditionals="12" coveredconditionals="8" methods="3" coveredmethods="3"/>
      <file name="ProtectedRoute.tsx" path="C:\Users\arthu\Documents\Git\lineup-manager\src\components\ProtectedRoute.tsx">
        <metrics statements="22" coveredstatements="22" conditionals="3" coveredconditionals="3" methods="1" coveredmethods="1"/>
        <line num="1" count="1" type="stmt"/>
        <line num="2" count="1" type="stmt"/>
        <line num="3" count="1" type="stmt"/>
        <line num="9" count="4" type="cond" truecount="1" falsecount="0"/>
        <line num="10" count="4" type="stmt"/>
        <line num="12" count="4" type="cond" truecount="1" falsecount="0"/>
        <line num="13" count="2" type="stmt"/>
        <line num="14" count="2" type="stmt"/>
        <line num="15" count="2" type="stmt"/>
        <line num="16" count="2" type="stmt"/>
        <line num="17" count="2" type="stmt"/>
        <line num="18" count="2" type="stmt"/>
        <line num="19" count="2" type="stmt"/>
        <line num="20" count="2" type="stmt"/>
        <line num="21" count="2" type="stmt"/>
        <line num="23" count="2" type="stmt"/>
        <line num="25" count="2" type="stmt"/>
        <line num="27" count="4" type="cond" truecount="1" falsecount="0"/>
        <line num="28" count="1" type="stmt"/>
        <line num="29" count="1" type="stmt"/>
        <line num="31" count="1" type="stmt"/>
        <line num="32" count="1" type="stmt"/>
      </file>
      <file name="UserAvatar.tsx" path="C:\Users\arthu\Documents\Git\lineup-manager\src\components\UserAvatar.tsx">
        <metrics statements="48" coveredstatements="36" conditionals="9" coveredconditionals="5" methods="2" coveredmethods="2"/>
        <line num="1" count="1" type="stmt"/>
        <line num="2" count="1" type="stmt"/>
        <line num="3" count="1" type="stmt"/>
        <line num="9" count="5" type="cond" truecount="1" falsecount="0"/>
        <line num="10" count="5" type="stmt"/>
        <line num="11" count="5" type="stmt"/>
        <line num="13" count="5" type="stmt"/>
        <line num="14" count="5" type="stmt"/>
        <line num="15" count="5" type="stmt"/>
        <line num="16" count="5" type="stmt"/>
        <line num="17" count="5" type="stmt"/>
        <line num="19" count="5" type="cond" truecount="1" falsecount="0"/>
        <line num="20" count="3" type="cond" truecount="1" falsecount="0"/>
        <line num="21" count="2" type="stmt"/>
        <line num="22" count="2" type="stmt"/>
        <line num="23" count="5" type="stmt"/>
        <line num="25" count="5" type="cond" truecount="1" falsecount="0"/>
        <line num="26" count="2" type="stmt"/>
        <line num="27" count="2" type="stmt"/>
        <line num="28" count="2" type="stmt"/>
        <line num="29" count="2" type="stmt"/>
        <line num="30" count="2" type="stmt"/>
        <line num="31" count="2" type="stmt"/>
        <line num="33" count="2" type="cond" truecount="0" falsecount="2"/>
        <line num="34" count="0" type="stmt"/>
        <line num="35" count="0" type="stmt"/>
        <line num="36" count="0" type="stmt"/>
        <line num="37" count="0" type="stmt"/>
        <line num="38" count="0" type="stmt"/>
        <line num="39" count="2" type="cond" truecount="0" falsecount="1"/>
        <line num="41" count="0" type="stmt"/>
        <line num="42" count="0" type="stmt"/>
        <line num="43" count="2" type="stmt"/>
        <line num="45" count="5" type="stmt"/>
        <line num="46" count="5" type="stmt"/>
        <line num="47" count="5" type="cond" truecount="0" falsecount="1"/>
        <line num="48" count="0" type="stmt"/>
        <line num="49" count="0" type="stmt"/>
        <line num="50" count="0" type="stmt"/>
        <line num="51" count="0" type="stmt"/>
        <line num="52" count="0" type="stmt"/>
        <line num="54" count="5" type="stmt"/>
        <line num="55" count="5" type="stmt"/>
        <line num="56" count="5" type="cond" truecount="1" falsecount="0"/>
        <line num="57" count="5" type="stmt"/>
        <line num="58" count="5" type="stmt"/>
        <line num="60" count="5" type="stmt"/>
        <line num="62" count="5" type="stmt"/>
      </file>
    </package>
    <package name="lineup-manager.src.contexts">
      <metrics statements="57" coveredstatements="57" conditionals="15" coveredconditionals="15" methods="5" coveredmethods="5"/>
      <file name="AuthContext.tsx" path="C:\Users\arthu\Documents\Git\lineup-manager\src\contexts\AuthContext.tsx">
        <metrics statements="57" coveredstatements="57" conditionals="15" coveredconditionals="15" methods="5" coveredmethods="5"/>
        <line num="1" count="1" type="stmt"/>
        <line num="4" count="1" type="stmt"/>
        <line num="15" count="1" type="stmt"/>
        <line num="17" count="1" type="cond" truecount="1" falsecount="0"/>
        <line num="18" count="31" type="stmt"/>
        <line num="19" count="31" type="stmt"/>
        <line num="20" count="31" type="stmt"/>
        <line num="22" count="31" type="cond" truecount="1" falsecount="0"/>
        <line num="24" count="15" type="cond" truecount="1" falsecount="0"/>
        <line num="25" count="15" type="stmt"/>
        <line num="26" count="15" type="cond" truecount="2" falsecount="0"/>
        <line num="27" count="15" type="stmt"/>
        <line num="28" count="15" type="stmt"/>
        <line num="31" count="15" type="stmt"/>
        <line num="32" count="15" type="stmt"/>
        <line num="33" count="15" type="cond" truecount="1" falsecount="0"/>
        <line num="34" count="2" type="stmt"/>
        <line num="35" count="2" type="cond" truecount="2" falsecount="0"/>
        <line num="36" count="2" type="stmt"/>
        <line num="37" count="15" type="stmt"/>
        <line num="39" count="15" type="cond" truecount="1" falsecount="0"/>
        <line num="40" count="31" type="stmt"/>
        <line num="42" count="31" type="cond" truecount="1" falsecount="0"/>
        <line num="43" count="3" type="stmt"/>
        <line num="44" count="3" type="stmt"/>
        <line num="45" count="3" type="stmt"/>
        <line num="46" count="3" type="stmt"/>
        <line num="47" count="3" type="stmt"/>
        <line num="48" count="3" type="stmt"/>
        <line num="50" count="31" type="cond" truecount="1" falsecount="0"/>
        <line num="51" count="3" type="stmt"/>
        <line num="52" count="3" type="stmt"/>
        <line num="53" count="3" type="stmt"/>
        <line num="54" count="3" type="stmt"/>
        <line num="55" count="3" type="stmt"/>
        <line num="56" count="3" type="stmt"/>
        <line num="58" count="31" type="cond" truecount="1" falsecount="0"/>
        <line num="59" count="3" type="stmt"/>
        <line num="60" count="3" type="stmt"/>
        <line num="61" count="3" type="stmt"/>
        <line num="63" count="31" type="stmt"/>
        <line num="64" count="31" type="stmt"/>
        <line num="65" count="31" type="stmt"/>
        <line num="66" count="31" type="stmt"/>
        <line num="67" count="31" type="stmt"/>
        <line num="68" count="31" type="stmt"/>
        <line num="69" count="31" type="stmt"/>
        <line num="70" count="31" type="stmt"/>
        <line num="72" count="31" type="stmt"/>
        <line num="73" count="31" type="stmt"/>
        <line num="75" count="1" type="cond" truecount="1" falsecount="0"/>
        <line num="76" count="33" type="stmt"/>
        <line num="77" count="33" type="cond" truecount="1" falsecount="0"/>
        <line num="78" count="2" type="stmt"/>
        <line num="79" count="2" type="cond" truecount="1" falsecount="0"/>
        <line num="80" count="31" type="stmt"/>
        <line num="81" count="31" type="stmt"/>
      </file>
    </package>
    <package name="lineup-manager.src.lib">
      <metrics statements="7" coveredstatements="0" conditionals="1" coveredconditionals="0" methods="1" coveredmethods="0"/>
      <file name="supabase.ts" path="C:\Users\arthu\Documents\Git\lineup-manager\src\lib\supabase.ts">
        <metrics statements="7" coveredstatements="0" conditionals="1" coveredconditionals="0" methods="1" coveredmethods="0"/>
        <line num="1" count="0" type="cond" truecount="0" falsecount="1"/>
        <line num="3" count="0" type="stmt"/>
        <line num="4" count="0" type="stmt"/>
        <line num="6" count="0" type="stmt"/>
        <line num="7" count="0" type="stmt"/>
        <line num="8" count="0" type="stmt"/>
        <line num="10" count="0" type="stmt"/>
      </file>
    </package>
    <package name="lineup-manager.src.pages">
      <metrics statements="529" coveredstatements="527" conditionals="66" coveredconditionals="64" methods="18" coveredmethods="18"/>
      <file name="Dashboard.tsx" path="C:\Users\arthu\Documents\Git\lineup-manager\src\pages\Dashboard.tsx">
        <metrics statements="75" coveredstatements="75" conditionals="2" coveredconditionals="2" methods="2" coveredmethods="2"/>
        <line num="1" count="1" type="stmt"/>
        <line num="2" count="1" type="stmt"/>
        <line num="3" count="1" type="stmt"/>
        <line num="5" count="14" type="cond" truecount="1" falsecount="0"/>
        <line num="6" count="14" type="stmt"/>
        <line num="7" count="14" type="stmt"/>
        <line num="9" count="14" type="cond" truecount="1" falsecount="0"/>
        <line num="10" count="2" type="stmt"/>
        <line num="11" count="2" type="stmt"/>
        <line num="12" count="2" type="stmt"/>
        <line num="14" count="14" type="stmt"/>
        <line num="15" count="14" type="stmt"/>
        <line num="16" count="14" type="stmt"/>
        <line num="17" count="14" type="stmt"/>
        <line num="18" count="14" type="stmt"/>
        <line num="19" count="14" type="stmt"/>
        <line num="20" count="14" type="stmt"/>
        <line num="21" count="14" type="stmt"/>
        <line num="22" count="14" type="stmt"/>
        <line num="23" count="14" type="stmt"/>
        <line num="24" count="14" type="stmt"/>
        <line num="26" count="14" type="stmt"/>
        <line num="27" count="14" type="stmt"/>
        <line num="28" count="14" type="stmt"/>
        <line num="29" count="14" type="stmt"/>
        <line num="30" count="14" type="stmt"/>
        <line num="32" count="14" type="stmt"/>
        <line num="33" count="14" type="stmt"/>
        <line num="34" count="14" type="stmt"/>
        <line num="35" count="14" type="stmt"/>
        <line num="36" count="14" type="stmt"/>
        <line num="37" count="14" type="stmt"/>
        <line num="38" count="14" type="stmt"/>
        <line num="39" count="14" type="stmt"/>
        <line num="40" count="14" type="stmt"/>
        <line num="41" count="14" type="stmt"/>
        <line num="42" count="14" type="stmt"/>
        <line num="44" count="14" type="stmt"/>
        <line num="45" count="14" type="stmt"/>
        <line num="46" count="14" type="stmt"/>
        <line num="47" count="14" type="stmt"/>
        <line num="49" count="14" type="stmt"/>
        <line num="50" count="14" type="stmt"/>
        <line num="51" count="14" type="stmt"/>
        <line num="52" count="14" type="stmt"/>
        <line num="53" count="14" type="stmt"/>
        <line num="55" count="14" type="stmt"/>
        <line num="56" count="14" type="stmt"/>
        <line num="57" count="14" type="stmt"/>
        <line num="60" count="14" type="stmt"/>
        <line num="61" count="14" type="stmt"/>
        <line num="62" count="14" type="stmt"/>
        <line num="63" count="14" type="stmt"/>
        <line num="64" count="14" type="stmt"/>
        <line num="65" count="14" type="stmt"/>
        <line num="66" count="14" type="stmt"/>
        <line num="68" count="14" type="stmt"/>
        <line num="69" count="14" type="stmt"/>
        <line num="70" count="14" type="stmt"/>
        <line num="71" count="14" type="stmt"/>
        <line num="72" count="14" type="stmt"/>
        <line num="73" count="14" type="stmt"/>
        <line num="74" count="14" type="stmt"/>
        <line num="75" count="14" type="stmt"/>
        <line num="76" count="14" type="stmt"/>
        <line num="77" count="14" type="stmt"/>
        <line num="79" count="14" type="stmt"/>
        <line num="80" count="14" type="stmt"/>
        <line num="81" count="14" type="stmt"/>
        <line num="82" count="14" type="stmt"/>
        <line num="83" count="14" type="stmt"/>
        <line num="84" count="14" type="stmt"/>
        <line num="85" count="14" type="stmt"/>
        <line num="86" count="14" type="stmt"/>
        <line num="88" count="14" type="stmt"/>
      </file>
      <file name="Home.tsx" path="C:\Users\arthu\Documents\Git\lineup-manager\src\pages\Home.tsx">
        <metrics statements="70" coveredstatements="70" conditionals="5" coveredconditionals="5" methods="2" coveredmethods="2"/>
        <line num="1" count="1" type="stmt"/>
        <line num="2" count="1" type="stmt"/>
        <line num="3" count="1" type="stmt"/>
        <line num="5" count="13" type="cond" truecount="1" falsecount="0"/>
        <line num="6" count="13" type="stmt"/>
        <line num="8" count="13" type="cond" truecount="1" falsecount="0"/>
        <line num="9" count="2" type="stmt"/>
        <line num="10" count="2" type="stmt"/>
        <line num="12" count="13" type="stmt"/>
        <line num="13" count="13" type="stmt"/>
        <line num="14" count="13" type="cond" truecount="1" falsecount="0"/>
        <line num="15" count="9" type="stmt"/>
        <line num="16" count="9" type="stmt"/>
        <line num="17" count="9" type="stmt"/>
        <line num="18" count="9" type="stmt"/>
        <line num="19" count="9" type="stmt"/>
        <line num="20" count="9" type="stmt"/>
        <line num="21" count="9" type="stmt"/>
        <line num="22" count="9" type="stmt"/>
        <line num="23" count="9" type="stmt"/>
        <line num="25" count="9" type="stmt"/>
        <line num="26" count="9" type="stmt"/>
        <line num="27" count="9" type="stmt"/>
        <line num="28" count="9" type="stmt"/>
        <line num="29" count="9" type="stmt"/>
        <line num="31" count="9" type="stmt"/>
        <line num="32" count="9" type="stmt"/>
        <line num="33" count="9" type="stmt"/>
        <line num="34" count="9" type="stmt"/>
        <line num="35" count="9" type="stmt"/>
        <line num="36" count="9" type="stmt"/>
        <line num="37" count="9" type="stmt"/>
        <line num="38" count="9" type="stmt"/>
        <line num="39" count="9" type="stmt"/>
        <line num="40" count="9" type="stmt"/>
        <line num="41" count="9" type="stmt"/>
        <line num="43" count="9" type="stmt"/>
        <line num="44" count="9" type="stmt"/>
        <line num="45" count="9" type="stmt"/>
        <line num="46" count="9" type="stmt"/>
        <line num="49" count="13" type="stmt"/>
        <line num="50" count="13" type="stmt"/>
        <line num="51" count="13" type="stmt"/>
        <line num="52" count="13" type="stmt"/>
        <line num="54" count="13" type="stmt"/>
        <line num="56" count="13" type="cond" truecount="1" falsecount="0"/>
        <line num="57" count="4" type="stmt"/>
        <line num="58" count="4" type="stmt"/>
        <line num="59" count="4" type="stmt"/>
        <line num="60" count="4" type="stmt"/>
        <line num="61" count="4" type="stmt"/>
        <line num="63" count="4" type="stmt"/>
        <line num="64" count="4" type="stmt"/>
        <line num="65" count="4" type="stmt"/>
        <line num="66" count="4" type="stmt"/>
        <line num="67" count="4" type="stmt"/>
        <line num="69" count="4" type="stmt"/>
        <line num="70" count="4" type="stmt"/>
        <line num="73" count="13" type="cond" truecount="1" falsecount="0"/>
        <line num="74" count="9" type="stmt"/>
        <line num="75" count="9" type="stmt"/>
        <line num="76" count="9" type="stmt"/>
        <line num="77" count="9" type="stmt"/>
        <line num="78" count="9" type="stmt"/>
        <line num="80" count="9" type="stmt"/>
        <line num="81" count="9" type="stmt"/>
        <line num="83" count="13" type="stmt"/>
        <line num="84" count="13" type="stmt"/>
        <line num="85" count="13" type="stmt"/>
        <line num="87" count="13" type="stmt"/>
      </file>
      <file name="Login.tsx" path="C:\Users\arthu\Documents\Git\lineup-manager\src\pages\Login.tsx">
        <metrics statements="80" coveredstatements="80" conditionals="11" coveredconditionals="11" methods="4" coveredmethods="4"/>
        <line num="1" count="1" type="stmt"/>
        <line num="3" count="1" type="stmt"/>
        <line num="4" count="1" type="stmt"/>
        <line num="6" count="295" type="cond" truecount="1" falsecount="0"/>
        <line num="7" count="295" type="stmt"/>
        <line num="8" count="295" type="stmt"/>
        <line num="9" count="295" type="stmt"/>
        <line num="10" count="295" type="stmt"/>
        <line num="12" count="295" type="stmt"/>
        <line num="13" count="295" type="stmt"/>
        <line num="15" count="295" type="cond" truecount="1" falsecount="0"/>
        <line num="16" count="9" type="stmt"/>
        <line num="17" count="9" type="stmt"/>
        <line num="18" count="9" type="stmt"/>
        <line num="20" count="9" type="stmt"/>
        <line num="21" count="9" type="cond" truecount="1" falsecount="0"/>
        <line num="22" count="9" type="cond" truecount="1" falsecount="0"/>
        <line num="23" count="3" type="stmt"/>
        <line num="24" count="9" type="cond" truecount="1" falsecount="0"/>
        <line num="25" count="5" type="stmt"/>
        <line num="26" count="5" type="stmt"/>
        <line num="27" count="9" type="cond" truecount="1" falsecount="0"/>
        <line num="28" count="1" type="stmt"/>
        <line num="29" count="9" type="stmt"/>
        <line num="30" count="9" type="stmt"/>
        <line num="31" count="9" type="stmt"/>
        <line num="32" count="9" type="stmt"/>
        <line num="34" count="295" type="stmt"/>
        <line num="35" count="295" type="stmt"/>
        <line num="36" count="295" type="stmt"/>
        <line num="37" count="295" type="stmt"/>
        <line num="39" count="295" type="stmt"/>
        <line num="40" count="295" type="stmt"/>
        <line num="41" count="295" type="stmt"/>
        <line num="43" count="295" type="stmt"/>
        <line num="44" count="295" type="stmt"/>
        <line num="45" count="295" type="stmt"/>
        <line num="46" count="295" type="stmt"/>
        <line num="47" count="295" type="stmt"/>
        <line num="48" count="295" type="cond" truecount="1" falsecount="0"/>
        <line num="49" count="295" type="stmt"/>
        <line num="50" count="295" type="stmt"/>
        <line num="51" count="295" type="stmt"/>
        <line num="52" count="295" type="stmt"/>
        <line num="53" count="295" type="stmt"/>
        <line num="54" count="295" type="stmt"/>
        <line num="56" count="295" type="stmt"/>
        <line num="57" count="295" type="stmt"/>
        <line num="59" count="295" type="stmt"/>
        <line num="60" count="295" type="stmt"/>
        <line num="61" count="295" type="stmt"/>
        <line num="62" count="295" type="stmt"/>
        <line num="63" count="295" type="stmt"/>
        <line num="64" count="295" type="cond" truecount="1" falsecount="0"/>
        <line num="65" count="295" type="stmt"/>
        <line num="66" count="295" type="stmt"/>
        <line num="67" count="295" type="stmt"/>
        <line num="68" count="295" type="stmt"/>
        <line num="69" count="295" type="stmt"/>
        <line num="70" count="295" type="stmt"/>
        <line num="71" count="295" type="stmt"/>
        <line num="73" count="295" type="cond" truecount="1" falsecount="0"/>
        <line num="74" count="20" type="stmt"/>
        <line num="75" count="20" type="stmt"/>
        <line num="76" count="20" type="stmt"/>
        <line num="79" count="295" type="stmt"/>
        <line num="80" count="295" type="stmt"/>
        <line num="81" count="295" type="stmt"/>
        <line num="82" count="295" type="stmt"/>
        <line num="84" count="295" type="cond" truecount="2" falsecount="0"/>
        <line num="85" count="295" type="stmt"/>
        <line num="86" count="295" type="stmt"/>
        <line num="88" count="295" type="stmt"/>
        <line num="89" count="295" type="stmt"/>
        <line num="90" count="295" type="stmt"/>
        <line num="92" count="295" type="stmt"/>
        <line num="93" count="295" type="stmt"/>
        <line num="94" count="295" type="stmt"/>
        <line num="95" count="295" type="stmt"/>
        <line num="97" count="295" type="stmt"/>
      </file>
      <file name="Profile.tsx" path="C:\Users\arthu\Documents\Git\lineup-manager\src\pages\Profile.tsx">
        <metrics statements="217" coveredstatements="215" conditionals="36" coveredconditionals="34" methods="6" coveredmethods="6"/>
        <line num="1" count="1" type="stmt"/>
        <line num="3" count="1" type="stmt"/>
        <line num="4" count="1" type="stmt"/>
        <line num="5" count="1" type="stmt"/>
        <line num="6" count="1" type="stmt"/>
        <line num="8" count="106" type="cond" truecount="1" falsecount="0"/>
        <line num="9" count="106" type="stmt"/>
        <line num="10" count="106" type="stmt"/>
        <line num="11" count="106" type="stmt"/>
        <line num="12" count="106" type="stmt"/>
        <line num="13" count="106" type="stmt"/>
        <line num="14" count="106" type="stmt"/>
        <line num="15" count="106" type="stmt"/>
        <line num="17" count="106" type="stmt"/>
        <line num="18" count="106" type="stmt"/>
        <line num="20" count="106" type="cond" truecount="1" falsecount="0"/>
        <line num="21" count="21" type="stmt"/>
        <line num="22" count="21" type="stmt"/>
        <line num="23" count="21" type="stmt"/>
        <line num="24" count="106" type="stmt"/>
        <line num="26" count="106" type="cond" truecount="1" falsecount="0"/>
        <line num="27" count="21" type="stmt"/>
        <line num="28" count="21" type="stmt"/>
        <line num="29" count="21" type="stmt"/>
        <line num="30" count="21" type="stmt"/>
        <line num="31" count="21" type="stmt"/>
        <line num="32" count="21" type="stmt"/>
        <line num="33" count="21" type="stmt"/>
        <line num="35" count="21" type="cond" truecount="2" falsecount="0"/>
        <line num="37" count="1" type="stmt"/>
        <line num="38" count="1" type="cond" truecount="1" falsecount="0"/>
        <line num="40" count="21" type="cond" truecount="1" falsecount="0"/>
        <line num="41" count="18" type="cond" truecount="1" falsecount="0"/>
        <line num="42" count="18" type="cond" truecount="1" falsecount="0"/>
        <line num="44" count="1" type="stmt"/>
        <line num="45" count="1" type="stmt"/>
        <line num="46" count="1" type="stmt"/>
        <line num="47" count="1" type="stmt"/>
        <line num="48" count="1" type="stmt"/>
        <line num="49" count="18" type="stmt"/>
        <line num="50" count="21" type="cond" truecount="1" falsecount="0"/>
        <line num="51" count="1" type="stmt"/>
        <line num="52" count="21" type="stmt"/>
        <line num="53" count="21" type="stmt"/>
        <line num="54" count="21" type="stmt"/>
        <line num="55" count="21" type="stmt"/>
        <line num="57" count="106" type="cond" truecount="1" falsecount="0"/>
        <line num="58" count="4" type="stmt"/>
        <line num="59" count="4" type="stmt"/>
        <line num="60" count="4" type="stmt"/>
        <line num="62" count="4" type="cond" truecount="0" falsecount="1"/>
        <line num="63" count="0" type="stmt"/>
        <line num="64" count="0" type="stmt"/>
        <line num="66" count="4" type="stmt"/>
        <line num="67" count="4" type="stmt"/>
        <line num="68" count="4" type="stmt"/>
        <line num="71" count="4" type="stmt"/>
        <line num="72" count="4" type="stmt"/>
        <line num="73" count="4" type="stmt"/>
        <line num="75" count="4" type="cond" truecount="1" falsecount="0"/>
        <line num="76" count="1" type="stmt"/>
        <line num="77" count="1" type="cond" truecount="1" falsecount="0"/>
        <line num="80" count="3" type="stmt"/>
        <line num="81" count="3" type="stmt"/>
        <line num="82" count="3" type="stmt"/>
        <line num="84" count="3" type="stmt"/>
        <line num="87" count="3" type="stmt"/>
        <line num="88" count="3" type="stmt"/>
        <line num="89" count="3" type="stmt"/>
        <line num="90" count="3" type="stmt"/>
        <line num="91" count="4" type="stmt"/>
        <line num="92" count="4" type="stmt"/>
        <line num="93" count="4" type="cond" truecount="1" falsecount="0"/>
        <line num="95" count="4" type="cond" truecount="1" falsecount="1"/>
        <line num="97" count="3" type="stmt"/>
        <line num="98" count="4" type="cond" truecount="1" falsecount="0"/>
        <line num="99" count="1" type="stmt"/>
        <line num="100" count="4" type="stmt"/>
        <line num="101" count="4" type="stmt"/>
        <line num="102" count="4" type="stmt"/>
        <line num="103" count="4" type="stmt"/>
        <line num="105" count="106" type="cond" truecount="1" falsecount="0"/>
        <line num="106" count="5" type="stmt"/>
        <line num="107" count="5" type="stmt"/>
        <line num="108" count="5" type="stmt"/>
        <line num="109" count="5" type="stmt"/>
        <line num="111" count="5" type="stmt"/>
        <line num="112" count="5" type="stmt"/>
        <line num="113" count="5" type="stmt"/>
        <line num="114" count="5" type="stmt"/>
        <line num="115" count="5" type="stmt"/>
        <line num="116" count="5" type="stmt"/>
        <line num="118" count="5" type="stmt"/>
        <line num="120" count="5" type="cond" truecount="2" falsecount="0"/>
        <line num="122" count="4" type="stmt"/>
        <line num="123" count="5" type="cond" truecount="1" falsecount="0"/>
        <line num="124" count="1" type="stmt"/>
        <line num="125" count="5" type="stmt"/>
        <line num="126" count="5" type="stmt"/>
        <line num="127" count="5" type="stmt"/>
        <line num="128" count="5" type="stmt"/>
        <line num="130" count="106" type="cond" truecount="1" falsecount="0"/>
        <line num="131" count="1" type="stmt"/>
        <line num="132" count="1" type="stmt"/>
        <line num="133" count="1" type="stmt"/>
        <line num="135" count="106" type="cond" truecount="1" falsecount="0"/>
        <line num="136" count="21" type="stmt"/>
        <line num="137" count="21" type="stmt"/>
        <line num="138" count="21" type="stmt"/>
        <line num="139" count="21" type="stmt"/>
        <line num="141" count="21" type="cond" truecount="1" falsecount="0"/>
        <line num="143" count="85" type="stmt"/>
        <line num="144" count="85" type="stmt"/>
        <line num="145" count="85" type="stmt"/>
        <line num="146" count="85" type="stmt"/>
        <line num="147" count="85" type="stmt"/>
        <line num="148" count="85" type="stmt"/>
        <line num="149" count="85" type="stmt"/>
        <line num="150" count="85" type="stmt"/>
        <line num="151" count="85" type="stmt"/>
        <line num="152" count="85" type="stmt"/>
        <line num="153" count="85" type="stmt"/>
        <line num="155" count="85" type="stmt"/>
        <line num="156" count="85" type="stmt"/>
        <line num="157" count="85" type="stmt"/>
        <line num="158" count="85" type="stmt"/>
        <line num="159" count="85" type="stmt"/>
        <line num="161" count="85" type="stmt"/>
        <line num="162" count="85" type="stmt"/>
        <line num="163" count="85" type="stmt"/>
        <line num="164" count="85" type="stmt"/>
        <line num="165" count="85" type="stmt"/>
        <line num="166" count="85" type="stmt"/>
        <line num="167" count="85" type="stmt"/>
        <line num="168" count="85" type="stmt"/>
        <line num="169" count="85" type="stmt"/>
        <line num="170" count="85" type="stmt"/>
        <line num="171" count="85" type="stmt"/>
        <line num="173" count="85" type="stmt"/>
        <line num="174" count="85" type="stmt"/>
        <line num="175" count="85" type="stmt"/>
        <line num="176" count="85" type="stmt"/>
        <line num="178" count="85" type="stmt"/>
        <line num="179" count="85" type="stmt"/>
        <line num="180" count="85" type="stmt"/>
        <line num="182" count="85" type="stmt"/>
        <line num="183" count="85" type="stmt"/>
        <line num="184" count="106" type="stmt"/>
        <line num="185" count="106" type="stmt"/>
        <line num="186" count="106" type="stmt"/>
        <line num="189" count="106" type="stmt"/>
        <line num="190" count="106" type="stmt"/>
        <line num="191" count="106" type="stmt"/>
        <line num="192" count="106" type="cond" truecount="1" falsecount="0"/>
        <line num="193" count="3" type="stmt"/>
        <line num="194" count="3" type="stmt"/>
        <line num="195" count="3" type="stmt"/>
        <line num="196" count="3" type="stmt"/>
        <line num="197" count="3" type="cond" truecount="1" falsecount="0"/>
        <line num="199" count="82" type="stmt"/>
        <line num="200" count="82" type="stmt"/>
        <line num="201" count="82" type="stmt"/>
        <line num="202" count="82" type="stmt"/>
        <line num="203" count="82" type="stmt"/>
        <line num="205" count="106" type="stmt"/>
        <line num="206" count="106" type="stmt"/>
        <line num="207" count="106" type="stmt"/>
        <line num="208" count="106" type="stmt"/>
        <line num="209" count="106" type="stmt"/>
        <line num="210" count="106" type="stmt"/>
        <line num="211" count="106" type="stmt"/>
        <line num="212" count="106" type="stmt"/>
        <line num="213" count="106" type="stmt"/>
        <line num="214" count="106" type="stmt"/>
        <line num="215" count="106" type="stmt"/>
        <line num="216" count="106" type="stmt"/>
        <line num="217" count="106" type="cond" truecount="2" falsecount="0"/>
        <line num="218" count="106" type="stmt"/>
        <line num="220" count="106" type="cond" truecount="2" falsecount="0"/>
        <line num="221" count="106" type="stmt"/>
        <line num="222" count="106" type="stmt"/>
        <line num="223" count="106" type="stmt"/>
        <line num="224" count="106" type="stmt"/>
        <line num="225" count="106" type="stmt"/>
        <line num="227" count="106" type="stmt"/>
        <line num="228" count="106" type="stmt"/>
        <line num="229" count="106" type="stmt"/>
        <line num="231" count="106" type="stmt"/>
        <line num="232" count="106" type="stmt"/>
        <line num="233" count="106" type="stmt"/>
        <line num="234" count="106" type="stmt"/>
        <line num="235" count="106" type="stmt"/>
        <line num="236" count="106" type="cond" truecount="1" falsecount="0"/>
        <line num="237" count="106" type="stmt"/>
        <line num="238" count="106" type="stmt"/>
        <line num="239" count="106" type="stmt"/>
        <line num="240" count="106" type="stmt"/>
        <line num="241" count="106" type="stmt"/>
        <line num="243" count="106" type="cond" truecount="1" falsecount="0"/>
        <line num="244" count="3" type="stmt"/>
        <line num="245" count="3" type="stmt"/>
        <line num="246" count="3" type="stmt"/>
        <line num="248" count="106" type="cond" truecount="1" falsecount="0"/>
        <line num="249" count="4" type="stmt"/>
        <line num="250" count="4" type="stmt"/>
        <line num="251" count="4" type="stmt"/>
        <line num="254" count="106" type="stmt"/>
        <line num="255" count="106" type="stmt"/>
        <line num="256" count="106" type="stmt"/>
        <line num="257" count="106" type="stmt"/>
        <line num="259" count="106" type="cond" truecount="2" falsecount="0"/>
        <line num="260" count="106" type="stmt"/>
        <line num="261" count="106" type="stmt"/>
        <line num="262" count="106" type="stmt"/>
        <line num="263" count="106" type="stmt"/>
        <line num="264" count="106" type="stmt"/>
        <line num="266" count="106" type="stmt"/>
      </file>
      <file name="Signup.tsx" path="C:\Users\arthu\Documents\Git\lineup-manager\src\pages\Signup.tsx">
        <metrics statements="87" coveredstatements="87" conditionals="12" coveredconditionals="12" methods="4" coveredmethods="4"/>
        <line num="1" count="1" type="stmt"/>
        <line num="3" count="1" type="stmt"/>
        <line num="4" count="1" type="stmt"/>
        <line num="6" count="421" type="cond" truecount="1" falsecount="0"/>
        <line num="7" count="421" type="stmt"/>
        <line num="8" count="421" type="stmt"/>
        <line num="9" count="421" type="stmt"/>
        <line num="10" count="421" type="stmt"/>
        <line num="11" count="421" type="stmt"/>
        <line num="13" count="421" type="stmt"/>
        <line num="15" count="421" type="cond" truecount="1" falsecount="0"/>
        <line num="16" count="12" type="stmt"/>
        <line num="17" count="12" type="stmt"/>
        <line num="18" count="12" type="stmt"/>
        <line num="19" count="12" type="stmt"/>
        <line num="21" count="12" type="stmt"/>
        <line num="22" count="12" type="cond" truecount="1" falsecount="0"/>
        <line num="23" count="12" type="cond" truecount="1" falsecount="0"/>
        <line num="24" count="4" type="stmt"/>
        <line num="25" count="12" type="cond" truecount="1" falsecount="0"/>
        <line num="26" count="7" type="stmt"/>
        <line num="27" count="7" type="stmt"/>
        <line num="28" count="7" type="stmt"/>
        <line num="29" count="7" type="stmt"/>
        <line num="30" count="12" type="cond" truecount="1" falsecount="0"/>
        <line num="31" count="1" type="stmt"/>
        <line num="32" count="12" type="stmt"/>
        <line num="33" count="12" type="stmt"/>
        <line num="34" count="12" type="stmt"/>
        <line num="35" count="12" type="stmt"/>
        <line num="37" count="421" type="stmt"/>
        <line num="38" count="421" type="stmt"/>
        <line num="39" count="421" type="stmt"/>
        <line num="40" count="421" type="stmt"/>
        <line num="42" count="421" type="stmt"/>
        <line num="43" count="421" type="stmt"/>
        <line num="44" count="421" type="stmt"/>
        <line num="46" count="421" type="stmt"/>
        <line num="47" count="421" type="stmt"/>
        <line num="48" count="421" type="stmt"/>
        <line num="49" count="421" type="stmt"/>
        <line num="50" count="421" type="stmt"/>
        <line num="51" count="421" type="cond" truecount="1" falsecount="0"/>
        <line num="52" count="421" type="stmt"/>
        <line num="53" count="421" type="stmt"/>
        <line num="54" count="421" type="stmt"/>
        <line num="55" count="421" type="stmt"/>
        <line num="56" count="421" type="stmt"/>
        <line num="57" count="421" type="stmt"/>
        <line num="59" count="421" type="stmt"/>
        <line num="60" count="421" type="stmt"/>
        <line num="62" count="421" type="stmt"/>
        <line num="63" count="421" type="stmt"/>
        <line num="64" count="421" type="stmt"/>
        <line num="65" count="421" type="stmt"/>
        <line num="66" count="421" type="stmt"/>
        <line num="67" count="421" type="cond" truecount="1" falsecount="0"/>
        <line num="68" count="421" type="stmt"/>
        <line num="69" count="421" type="stmt"/>
        <line num="70" count="421" type="stmt"/>
        <line num="71" count="421" type="stmt"/>
        <line num="72" count="421" type="stmt"/>
        <line num="73" count="421" type="stmt"/>
        <line num="74" count="421" type="stmt"/>
        <line num="76" count="421" type="cond" truecount="1" falsecount="0"/>
        <line num="77" count="25" type="stmt"/>
        <line num="78" count="25" type="stmt"/>
        <line num="79" count="25" type="stmt"/>
        <line num="81" count="421" type="cond" truecount="1" falsecount="0"/>
        <line num="82" count="35" type="stmt"/>
        <line num="83" count="35" type="stmt"/>
        <line num="84" count="35" type="stmt"/>
        <line num="87" count="421" type="stmt"/>
        <line num="88" count="421" type="stmt"/>
        <line num="89" count="421" type="stmt"/>
        <line num="90" count="421" type="stmt"/>
        <line num="92" count="421" type="cond" truecount="2" falsecount="0"/>
        <line num="93" count="421" type="stmt"/>
        <line num="94" count="421" type="stmt"/>
        <line num="96" count="421" type="stmt"/>
        <line num="97" count="421" type="stmt"/>
        <line num="98" count="421" type="stmt"/>
        <line num="100" count="421" type="stmt"/>
        <line num="101" count="421" type="stmt"/>
        <line num="102" count="421" type="stmt"/>
        <line num="103" count="421" type="stmt"/>
        <line num="105" count="421" type="stmt"/>
      </file>
    </package>
  </project>
</coverage>
