{"C:\\Users\\arthu\\Documents\\Git\\lineup-manager\\postcss.config.js": {"path":"C:\\Users\\arthu\\Documents\\Git\\lineup-manager\\postcss.config.js","all":true,"statementMap":{"0":{"start":{"line":1,"column":0},"end":{"line":1,"column":16}},"1":{"start":{"line":2,"column":0},"end":{"line":2,"column":12}},"2":{"start":{"line":3,"column":0},"end":{"line":3,"column":31}},"3":{"start":{"line":4,"column":0},"end":{"line":4,"column":21}},"4":{"start":{"line":5,"column":0},"end":{"line":5,"column":4}},"5":{"start":{"line":6,"column":0},"end":{"line":6,"column":1}}},"s":{"0":0,"1":0,"2":0,"3":0,"4":0,"5":0},"branchMap":{"0":{"type":"branch","line":1,"loc":{"start":{"line":1,"column":90},"end":{"line":6,"column":1}},"locations":[{"start":{"line":1,"column":90},"end":{"line":6,"column":1}}]}},"b":{"0":[0]},"fnMap":{"0":{"name":"(empty-report)","decl":{"start":{"line":1,"column":90},"end":{"line":6,"column":1}},"loc":{"start":{"line":1,"column":90},"end":{"line":6,"column":1}},"line":1}},"f":{"0":0}}
,"C:\\Users\\arthu\\Documents\\Git\\lineup-manager\\src\\App.tsx": {"path":"C:\\Users\\arthu\\Documents\\Git\\lineup-manager\\src\\App.tsx","all":true,"statementMap":{"0":{"start":{"line":1,"column":0},"end":{"line":1,"column":73}},"1":{"start":{"line":2,"column":0},"end":{"line":2,"column":53}},"2":{"start":{"line":3,"column":0},"end":{"line":3,"column":31}},"3":{"start":{"line":4,"column":0},"end":{"line":4,"column":33}},"4":{"start":{"line":5,"column":0},"end":{"line":5,"column":35}},"5":{"start":{"line":6,"column":0},"end":{"line":6,"column":41}},"6":{"start":{"line":7,"column":0},"end":{"line":7,"column":37}},"7":{"start":{"line":8,"column":0},"end":{"line":8,"column":56}},"9":{"start":{"line":10,"column":0},"end":{"line":10,"column":16}},"10":{"start":{"line":11,"column":0},"end":{"line":11,"column":10}},"11":{"start":{"line":12,"column":0},"end":{"line":12,"column":19}},"12":{"start":{"line":13,"column":0},"end":{"line":13,"column":20}},"13":{"start":{"line":14,"column":0},"end":{"line":14,"column":16}},"14":{"start":{"line":15,"column":0},"end":{"line":15,"column":47}},"15":{"start":{"line":16,"column":0},"end":{"line":16,"column":53}},"16":{"start":{"line":17,"column":0},"end":{"line":17,"column":55}},"17":{"start":{"line":18,"column":0},"end":{"line":18,"column":16}},"18":{"start":{"line":19,"column":0},"end":{"line":19,"column":29}},"19":{"start":{"line":20,"column":0},"end":{"line":20,"column":21}},"20":{"start":{"line":21,"column":0},"end":{"line":21,"column":30}},"21":{"start":{"line":22,"column":0},"end":{"line":22,"column":29}},"22":{"start":{"line":23,"column":0},"end":{"line":23,"column":31}},"24":{"start":{"line":25,"column":0},"end":{"line":25,"column":12}},"25":{"start":{"line":26,"column":0},"end":{"line":26,"column":16}},"26":{"start":{"line":27,"column":0},"end":{"line":27,"column":27}},"27":{"start":{"line":28,"column":0},"end":{"line":28,"column":21}},"28":{"start":{"line":29,"column":0},"end":{"line":29,"column":30}},"29":{"start":{"line":30,"column":0},"end":{"line":30,"column":27}},"30":{"start":{"line":31,"column":0},"end":{"line":31,"column":31}},"32":{"start":{"line":33,"column":0},"end":{"line":33,"column":12}},"33":{"start":{"line":34,"column":0},"end":{"line":34,"column":66}},"34":{"start":{"line":35,"column":0},"end":{"line":35,"column":17}},"35":{"start":{"line":36,"column":0},"end":{"line":36,"column":21}},"36":{"start":{"line":37,"column":0},"end":{"line":37,"column":20}},"38":{"start":{"line":39,"column":0},"end":{"line":39,"column":1}},"40":{"start":{"line":41,"column":0},"end":{"line":41,"column":18}}},"s":{"0":0,"1":0,"2":0,"3":0,"4":0,"5":0,"6":0,"7":0,"9":0,"10":0,"11":0,"12":0,"13":0,"14":0,"15":0,"16":0,"17":0,"18":0,"19":0,"20":0,"21":0,"22":0,"24":0,"25":0,"26":0,"27":0,"28":0,"29":0,"30":0,"32":0,"33":0,"34":0,"35":0,"36":0,"38":0,"40":0},"branchMap":{"0":{"type":"branch","line":1,"loc":{"start":{"line":1,"column":1139},"end":{"line":41,"column":18}},"locations":[{"start":{"line":1,"column":1139},"end":{"line":41,"column":18}}]}},"b":{"0":[0]},"fnMap":{"0":{"name":"(empty-report)","decl":{"start":{"line":1,"column":1139},"end":{"line":41,"column":18}},"loc":{"start":{"line":1,"column":1139},"end":{"line":41,"column":18}},"line":1}},"f":{"0":0}}
,"C:\\Users\\arthu\\Documents\\Git\\lineup-manager\\src\\main.tsx": {"path":"C:\\Users\\arthu\\Documents\\Git\\lineup-manager\\src\\main.tsx","all":true,"statementMap":{"0":{"start":{"line":1,"column":0},"end":{"line":1,"column":34}},"1":{"start":{"line":2,"column":0},"end":{"line":2,"column":45}},"2":{"start":{"line":3,"column":0},"end":{"line":3,"column":20}},"3":{"start":{"line":4,"column":0},"end":{"line":4,"column":27}},"5":{"start":{"line":6,"column":0},"end":{"line":6,"column":52}},"6":{"start":{"line":7,"column":0},"end":{"line":7,"column":14}},"7":{"start":{"line":8,"column":0},"end":{"line":8,"column":11}},"8":{"start":{"line":9,"column":0},"end":{"line":9,"column":16}},"9":{"start":{"line":10,"column":0},"end":{"line":10,"column":1}}},"s":{"0":0,"1":0,"2":0,"3":0,"5":0,"6":0,"7":0,"8":0,"9":0},"branchMap":{"0":{"type":"branch","line":1,"loc":{"start":{"line":1,"column":203},"end":{"line":10,"column":-148}},"locations":[{"start":{"line":1,"column":203},"end":{"line":10,"column":-148}}]}},"b":{"0":[0]},"fnMap":{"0":{"name":"(empty-report)","decl":{"start":{"line":1,"column":203},"end":{"line":10,"column":-148}},"loc":{"start":{"line":1,"column":203},"end":{"line":10,"column":-148}},"line":1}},"f":{"0":0}}
,"C:\\Users\\arthu\\Documents\\Git\\lineup-manager\\src\\components\\ProtectedRoute.tsx": {"path":"C:\\Users\\arthu\\Documents\\Git\\lineup-manager\\src\\components\\ProtectedRoute.tsx","all":false,"statementMap":{"0":{"start":{"line":1,"column":0},"end":{"line":1,"column":33}},"1":{"start":{"line":2,"column":0},"end":{"line":2,"column":43}},"2":{"start":{"line":3,"column":0},"end":{"line":3,"column":49}},"8":{"start":{"line":9,"column":0},"end":{"line":9,"column":75}},"9":{"start":{"line":10,"column":0},"end":{"line":10,"column":37}},"11":{"start":{"line":12,"column":0},"end":{"line":12,"column":16}},"12":{"start":{"line":13,"column":0},"end":{"line":13,"column":12}},"13":{"start":{"line":14,"column":0},"end":{"line":14,"column":19}},"14":{"start":{"line":15,"column":0},"end":{"line":15,"column":24}},"15":{"start":{"line":16,"column":0},"end":{"line":16,"column":33}},"16":{"start":{"line":17,"column":0},"end":{"line":17,"column":29}},"17":{"start":{"line":18,"column":0},"end":{"line":18,"column":27}},"18":{"start":{"line":19,"column":0},"end":{"line":19,"column":27}},"19":{"start":{"line":20,"column":0},"end":{"line":20,"column":21}},"20":{"start":{"line":21,"column":0},"end":{"line":21,"column":9}},"22":{"start":{"line":23,"column":0},"end":{"line":23,"column":12}},"24":{"start":{"line":25,"column":0},"end":{"line":25,"column":3}},"26":{"start":{"line":27,"column":0},"end":{"line":27,"column":14}},"27":{"start":{"line":28,"column":0},"end":{"line":28,"column":38}},"28":{"start":{"line":29,"column":0},"end":{"line":29,"column":3}},"30":{"start":{"line":31,"column":0},"end":{"line":31,"column":24}},"31":{"start":{"line":32,"column":0},"end":{"line":32,"column":1}}},"s":{"0":1,"1":1,"2":1,"8":4,"9":4,"11":4,"12":2,"13":2,"14":2,"15":2,"16":2,"17":2,"18":2,"19":2,"20":2,"22":2,"24":2,"26":4,"27":1,"28":1,"30":1,"31":1},"branchMap":{"0":{"type":"branch","line":9,"loc":{"start":{"line":9,"column":0},"end":{"line":32,"column":1}},"locations":[{"start":{"line":9,"column":0},"end":{"line":32,"column":1}}]},"1":{"type":"branch","line":12,"loc":{"start":{"line":12,"column":15},"end":{"line":27,"column":13}},"locations":[{"start":{"line":12,"column":15},"end":{"line":27,"column":13}}]},"2":{"type":"branch","line":27,"loc":{"start":{"line":27,"column":13},"end":{"line":32,"column":1}},"locations":[{"start":{"line":27,"column":13},"end":{"line":32,"column":1}}]}},"b":{"0":[4],"1":[2],"2":[1]},"fnMap":{"0":{"name":"ProtectedRoute","decl":{"start":{"line":9,"column":0},"end":{"line":32,"column":1}},"loc":{"start":{"line":9,"column":0},"end":{"line":32,"column":1}},"line":9}},"f":{"0":4}}
,"C:\\Users\\arthu\\Documents\\Git\\lineup-manager\\src\\components\\UserAvatar.tsx": {"path":"C:\\Users\\arthu\\Documents\\Git\\lineup-manager\\src\\components\\UserAvatar.tsx","all":false,"statementMap":{"0":{"start":{"line":1,"column":0},"end":{"line":1,"column":43}},"1":{"start":{"line":2,"column":0},"end":{"line":2,"column":49}},"2":{"start":{"line":3,"column":0},"end":{"line":3,"column":42}},"8":{"start":{"line":9,"column":0},"end":{"line":9,"column":70}},"9":{"start":{"line":10,"column":0},"end":{"line":10,"column":28}},"10":{"start":{"line":11,"column":0},"end":{"line":11,"column":65}},"12":{"start":{"line":13,"column":0},"end":{"line":13,"column":23}},"13":{"start":{"line":14,"column":0},"end":{"line":14,"column":26}},"14":{"start":{"line":15,"column":0},"end":{"line":15,"column":30}},"15":{"start":{"line":16,"column":0},"end":{"line":16,"column":28}},"16":{"start":{"line":17,"column":0},"end":{"line":17,"column":3}},"18":{"start":{"line":19,"column":0},"end":{"line":19,"column":19}},"19":{"start":{"line":20,"column":0},"end":{"line":20,"column":15}},"20":{"start":{"line":21,"column":0},"end":{"line":21,"column":18}},"21":{"start":{"line":22,"column":0},"end":{"line":22,"column":5}},"22":{"start":{"line":23,"column":0},"end":{"line":23,"column":12}},"24":{"start":{"line":25,"column":0},"end":{"line":25,"column":34}},"25":{"start":{"line":26,"column":0},"end":{"line":26,"column":9}},"26":{"start":{"line":27,"column":0},"end":{"line":27,"column":44}},"27":{"start":{"line":28,"column":0},"end":{"line":28,"column":25}},"28":{"start":{"line":29,"column":0},"end":{"line":29,"column":29}},"29":{"start":{"line":30,"column":0},"end":{"line":30,"column":27}},"30":{"start":{"line":31,"column":0},"end":{"line":31,"column":17}},"32":{"start":{"line":33,"column":0},"end":{"line":33,"column":39}},"33":{"start":{"line":34,"column":0},"end":{"line":34,"column":56}},"34":{"start":{"line":35,"column":0},"end":{"line":35,"column":26}},"35":{"start":{"line":36,"column":0},"end":{"line":36,"column":40}},"36":{"start":{"line":37,"column":0},"end":{"line":37,"column":31}},"37":{"start":{"line":38,"column":0},"end":{"line":38,"column":7}},"38":{"start":{"line":39,"column":0},"end":{"line":39,"column":19}},"40":{"start":{"line":41,"column":0},"end":{"line":41,"column":49}},"41":{"start":{"line":42,"column":0},"end":{"line":42,"column":5}},"42":{"start":{"line":43,"column":0},"end":{"line":43,"column":3}},"44":{"start":{"line":45,"column":0},"end":{"line":45,"column":10}},"45":{"start":{"line":46,"column":0},"end":{"line":46,"column":6}},"46":{"start":{"line":47,"column":0},"end":{"line":47,"column":20}},"47":{"start":{"line":48,"column":0},"end":{"line":48,"column":12}},"48":{"start":{"line":49,"column":0},"end":{"line":49,"column":25}},"49":{"start":{"line":50,"column":0},"end":{"line":50,"column":27}},"50":{"start":{"line":51,"column":0},"end":{"line":51,"column":95}},"51":{"start":{"line":52,"column":0},"end":{"line":52,"column":10}},"53":{"start":{"line":54,"column":0},"end":{"line":54,"column":135}},"54":{"start":{"line":55,"column":0},"end":{"line":55,"column":58}},"55":{"start":{"line":56,"column":0},"end":{"line":56,"column":50}},"56":{"start":{"line":57,"column":0},"end":{"line":57,"column":17}},"57":{"start":{"line":58,"column":0},"end":{"line":58,"column":14}},"59":{"start":{"line":60,"column":0},"end":{"line":60,"column":7}},"61":{"start":{"line":62,"column":0},"end":{"line":62,"column":1}}},"s":{"0":1,"1":1,"2":1,"8":5,"9":5,"10":5,"12":5,"13":5,"14":5,"15":5,"16":5,"18":5,"19":3,"20":2,"21":2,"22":5,"24":5,"25":2,"26":2,"27":2,"28":2,"29":2,"30":2,"32":2,"33":0,"34":0,"35":0,"36":0,"37":0,"38":2,"40":0,"41":0,"42":2,"44":5,"45":5,"46":5,"47":0,"48":0,"49":0,"50":0,"51":0,"53":5,"54":5,"55":5,"56":5,"57":5,"59":5,"61":5},"branchMap":{"0":{"type":"branch","line":9,"loc":{"start":{"line":9,"column":0},"end":{"line":62,"column":1}},"locations":[{"start":{"line":9,"column":0},"end":{"line":62,"column":1}}]},"1":{"type":"branch","line":47,"loc":{"start":{"line":47,"column":7},"end":{"line":52,"column":10}},"locations":[{"start":{"line":47,"column":7},"end":{"line":52,"column":10}}]},"2":{"type":"branch","line":56,"loc":{"start":{"line":56,"column":13},"end":{"line":56,"column":33}},"locations":[{"start":{"line":56,"column":13},"end":{"line":56,"column":33}}]},"3":{"type":"branch","line":19,"loc":{"start":{"line":19,"column":12},"end":{"line":23,"column":5}},"locations":[{"start":{"line":19,"column":12},"end":{"line":23,"column":5}}]},"4":{"type":"branch","line":20,"loc":{"start":{"line":20,"column":14},"end":{"line":22,"column":5}},"locations":[{"start":{"line":20,"column":14},"end":{"line":22,"column":5}}]},"5":{"type":"branch","line":25,"loc":{"start":{"line":25,"column":21},"end":{"line":43,"column":3}},"locations":[{"start":{"line":25,"column":21},"end":{"line":43,"column":3}}]},"6":{"type":"branch","line":33,"loc":{"start":{"line":33,"column":20},"end":{"line":33,"column":38}},"locations":[{"start":{"line":33,"column":20},"end":{"line":33,"column":38}}]},"7":{"type":"branch","line":33,"loc":{"start":{"line":33,"column":38},"end":{"line":38,"column":7}},"locations":[{"start":{"line":33,"column":38},"end":{"line":38,"column":7}}]},"8":{"type":"branch","line":39,"loc":{"start":{"line":39,"column":4},"end":{"line":42,"column":5}},"locations":[{"start":{"line":39,"column":4},"end":{"line":42,"column":5}}]}},"b":{"0":[5],"1":[0],"2":[4],"3":[3],"4":[2],"5":[2],"6":[0],"7":[0],"8":[0]},"fnMap":{"0":{"name":"UserAvatar","decl":{"start":{"line":9,"column":0},"end":{"line":62,"column":1}},"loc":{"start":{"line":9,"column":0},"end":{"line":62,"column":1}},"line":9},"1":{"name":"loadAvatar","decl":{"start":{"line":25,"column":21},"end":{"line":43,"column":3}},"loc":{"start":{"line":25,"column":21},"end":{"line":43,"column":3}},"line":25}},"f":{"0":5,"1":2}}
,"C:\\Users\\arthu\\Documents\\Git\\lineup-manager\\src\\contexts\\AuthContext.tsx": {"path":"C:\\Users\\arthu\\Documents\\Git\\lineup-manager\\src\\contexts\\AuthContext.tsx","all":false,"statementMap":{"0":{"start":{"line":1,"column":0},"end":{"line":1,"column":70}},"3":{"start":{"line":4,"column":0},"end":{"line":4,"column":42}},"14":{"start":{"line":15,"column":0},"end":{"line":15,"column":73}},"16":{"start":{"line":17,"column":0},"end":{"line":17,"column":69}},"17":{"start":{"line":18,"column":0},"end":{"line":18,"column":53}},"18":{"start":{"line":19,"column":0},"end":{"line":19,"column":62}},"19":{"start":{"line":20,"column":0},"end":{"line":20,"column":46}},"21":{"start":{"line":22,"column":0},"end":{"line":22,"column":19}},"23":{"start":{"line":24,"column":0},"end":{"line":24,"column":64}},"24":{"start":{"line":25,"column":0},"end":{"line":25,"column":25}},"25":{"start":{"line":26,"column":0},"end":{"line":26,"column":36}},"26":{"start":{"line":27,"column":0},"end":{"line":27,"column":23}},"27":{"start":{"line":28,"column":0},"end":{"line":28,"column":6}},"30":{"start":{"line":31,"column":0},"end":{"line":31,"column":11}},"31":{"start":{"line":32,"column":0},"end":{"line":32,"column":29}},"32":{"start":{"line":33,"column":0},"end":{"line":33,"column":62}},"33":{"start":{"line":34,"column":0},"end":{"line":34,"column":25}},"34":{"start":{"line":35,"column":0},"end":{"line":35,"column":36}},"35":{"start":{"line":36,"column":0},"end":{"line":36,"column":23}},"36":{"start":{"line":37,"column":0},"end":{"line":37,"column":6}},"38":{"start":{"line":39,"column":0},"end":{"line":39,"column":43}},"39":{"start":{"line":40,"column":0},"end":{"line":40,"column":8}},"41":{"start":{"line":42,"column":0},"end":{"line":42,"column":61}},"42":{"start":{"line":43,"column":0},"end":{"line":43,"column":50}},"43":{"start":{"line":44,"column":0},"end":{"line":44,"column":12}},"44":{"start":{"line":45,"column":0},"end":{"line":45,"column":15}},"45":{"start":{"line":46,"column":0},"end":{"line":46,"column":6}},"46":{"start":{"line":47,"column":0},"end":{"line":47,"column":20}},"47":{"start":{"line":48,"column":0},"end":{"line":48,"column":3}},"49":{"start":{"line":50,"column":0},"end":{"line":50,"column":61}},"50":{"start":{"line":51,"column":0},"end":{"line":51,"column":62}},"51":{"start":{"line":52,"column":0},"end":{"line":52,"column":12}},"52":{"start":{"line":53,"column":0},"end":{"line":53,"column":15}},"53":{"start":{"line":54,"column":0},"end":{"line":54,"column":6}},"54":{"start":{"line":55,"column":0},"end":{"line":55,"column":20}},"55":{"start":{"line":56,"column":0},"end":{"line":56,"column":3}},"57":{"start":{"line":58,"column":0},"end":{"line":58,"column":31}},"58":{"start":{"line":59,"column":0},"end":{"line":59,"column":51}},"59":{"start":{"line":60,"column":0},"end":{"line":60,"column":20}},"60":{"start":{"line":61,"column":0},"end":{"line":61,"column":3}},"62":{"start":{"line":63,"column":0},"end":{"line":63,"column":17}},"63":{"start":{"line":64,"column":0},"end":{"line":64,"column":9}},"64":{"start":{"line":65,"column":0},"end":{"line":65,"column":12}},"65":{"start":{"line":66,"column":0},"end":{"line":66,"column":12}},"66":{"start":{"line":67,"column":0},"end":{"line":67,"column":11}},"67":{"start":{"line":68,"column":0},"end":{"line":68,"column":11}},"68":{"start":{"line":69,"column":0},"end":{"line":69,"column":12}},"69":{"start":{"line":70,"column":0},"end":{"line":70,"column":3}},"71":{"start":{"line":72,"column":0},"end":{"line":72,"column":78}},"72":{"start":{"line":73,"column":0},"end":{"line":73,"column":1}},"74":{"start":{"line":75,"column":0},"end":{"line":75,"column":27}},"75":{"start":{"line":76,"column":0},"end":{"line":76,"column":41}},"76":{"start":{"line":77,"column":0},"end":{"line":77,"column":30}},"77":{"start":{"line":78,"column":0},"end":{"line":78,"column":66}},"78":{"start":{"line":79,"column":0},"end":{"line":79,"column":3}},"79":{"start":{"line":80,"column":0},"end":{"line":80,"column":16}},"80":{"start":{"line":81,"column":0},"end":{"line":81,"column":1}}},"s":{"0":1,"3":1,"14":1,"16":1,"17":31,"18":31,"19":31,"21":31,"23":15,"24":15,"25":15,"26":15,"27":15,"30":15,"31":15,"32":15,"33":2,"34":2,"35":2,"36":15,"38":15,"39":31,"41":31,"42":3,"43":3,"44":3,"45":3,"46":3,"47":3,"49":31,"50":3,"51":3,"52":3,"53":3,"54":3,"55":3,"57":31,"58":3,"59":3,"60":3,"62":31,"63":31,"64":31,"65":31,"66":31,"67":31,"68":31,"69":31,"71":31,"72":31,"74":1,"75":33,"76":33,"77":2,"78":2,"79":31,"80":31},"branchMap":{"0":{"type":"branch","line":17,"loc":{"start":{"line":17,"column":7},"end":{"line":73,"column":1}},"locations":[{"start":{"line":17,"column":7},"end":{"line":73,"column":1}}]},"1":{"type":"branch","line":22,"loc":{"start":{"line":22,"column":12},"end":{"line":40,"column":5}},"locations":[{"start":{"line":22,"column":12},"end":{"line":40,"column":5}}]},"2":{"type":"branch","line":24,"loc":{"start":{"line":24,"column":36},"end":{"line":28,"column":5}},"locations":[{"start":{"line":24,"column":36},"end":{"line":28,"column":5}}]},"3":{"type":"branch","line":26,"loc":{"start":{"line":26,"column":14},"end":{"line":26,"column":31}},"locations":[{"start":{"line":26,"column":14},"end":{"line":26,"column":31}}]},"4":{"type":"branch","line":26,"loc":{"start":{"line":26,"column":23},"end":{"line":26,"column":35}},"locations":[{"start":{"line":26,"column":23},"end":{"line":26,"column":35}}]},"5":{"type":"branch","line":33,"loc":{"start":{"line":33,"column":40},"end":{"line":37,"column":5}},"locations":[{"start":{"line":33,"column":40},"end":{"line":37,"column":5}}]},"6":{"type":"branch","line":35,"loc":{"start":{"line":35,"column":14},"end":{"line":35,"column":31}},"locations":[{"start":{"line":35,"column":14},"end":{"line":35,"column":31}}]},"7":{"type":"branch","line":35,"loc":{"start":{"line":35,"column":23},"end":{"line":35,"column":35}},"locations":[{"start":{"line":35,"column":23},"end":{"line":35,"column":35}}]},"8":{"type":"branch","line":39,"loc":{"start":{"line":39,"column":11},"end":{"line":39,"column":43}},"locations":[{"start":{"line":39,"column":11},"end":{"line":39,"column":43}}]},"9":{"type":"branch","line":42,"loc":{"start":{"line":42,"column":17},"end":{"line":48,"column":3}},"locations":[{"start":{"line":42,"column":17},"end":{"line":48,"column":3}}]},"10":{"type":"branch","line":50,"loc":{"start":{"line":50,"column":17},"end":{"line":56,"column":3}},"locations":[{"start":{"line":50,"column":17},"end":{"line":56,"column":3}}]},"11":{"type":"branch","line":58,"loc":{"start":{"line":58,"column":18},"end":{"line":61,"column":3}},"locations":[{"start":{"line":58,"column":18},"end":{"line":61,"column":3}}]},"12":{"type":"branch","line":75,"loc":{"start":{"line":75,"column":7},"end":{"line":81,"column":1}},"locations":[{"start":{"line":75,"column":7},"end":{"line":81,"column":1}}]},"13":{"type":"branch","line":77,"loc":{"start":{"line":77,"column":29},"end":{"line":79,"column":3}},"locations":[{"start":{"line":77,"column":29},"end":{"line":79,"column":3}}]},"14":{"type":"branch","line":79,"loc":{"start":{"line":79,"column":2},"end":{"line":81,"column":1}},"locations":[{"start":{"line":79,"column":2},"end":{"line":81,"column":1}}]}},"b":{"0":[31],"1":[15],"2":[15],"3":[2],"4":[13],"5":[2],"6":[1],"7":[1],"8":[15],"9":[3],"10":[3],"11":[3],"12":[33],"13":[2],"14":[31]},"fnMap":{"0":{"name":"AuthProvider","decl":{"start":{"line":17,"column":7},"end":{"line":73,"column":1}},"loc":{"start":{"line":17,"column":7},"end":{"line":73,"column":1}},"line":17},"1":{"name":"signUp","decl":{"start":{"line":42,"column":17},"end":{"line":48,"column":3}},"loc":{"start":{"line":42,"column":17},"end":{"line":48,"column":3}},"line":42},"2":{"name":"signIn","decl":{"start":{"line":50,"column":17},"end":{"line":56,"column":3}},"loc":{"start":{"line":50,"column":17},"end":{"line":56,"column":3}},"line":50},"3":{"name":"signOut","decl":{"start":{"line":58,"column":18},"end":{"line":61,"column":3}},"loc":{"start":{"line":58,"column":18},"end":{"line":61,"column":3}},"line":58},"4":{"name":"useAuth","decl":{"start":{"line":75,"column":7},"end":{"line":81,"column":1}},"loc":{"start":{"line":75,"column":7},"end":{"line":81,"column":1}},"line":75}},"f":{"0":31,"1":3,"2":3,"3":3,"4":33}}
,"C:\\Users\\arthu\\Documents\\Git\\lineup-manager\\src\\lib\\supabase.ts": {"path":"C:\\Users\\arthu\\Documents\\Git\\lineup-manager\\src\\lib\\supabase.ts","all":true,"statementMap":{"0":{"start":{"line":1,"column":0},"end":{"line":1,"column":52}},"2":{"start":{"line":3,"column":0},"end":{"line":3,"column":53}},"3":{"start":{"line":4,"column":0},"end":{"line":4,"column":62}},"5":{"start":{"line":6,"column":0},"end":{"line":6,"column":39}},"6":{"start":{"line":7,"column":0},"end":{"line":7,"column":89}},"7":{"start":{"line":8,"column":0},"end":{"line":8,"column":1}},"9":{"start":{"line":10,"column":0},"end":{"line":10,"column":66}}},"s":{"0":0,"2":0,"3":0,"5":0,"6":0,"7":0,"9":0},"branchMap":{"0":{"type":"branch","line":1,"loc":{"start":{"line":1,"column":371},"end":{"line":10,"column":66}},"locations":[{"start":{"line":1,"column":371},"end":{"line":10,"column":66}}]}},"b":{"0":[0]},"fnMap":{"0":{"name":"(empty-report)","decl":{"start":{"line":1,"column":371},"end":{"line":10,"column":66}},"loc":{"start":{"line":1,"column":371},"end":{"line":10,"column":66}},"line":1}},"f":{"0":0}}
,"C:\\Users\\arthu\\Documents\\Git\\lineup-manager\\src\\pages\\Dashboard.tsx": {"path":"C:\\Users\\arthu\\Documents\\Git\\lineup-manager\\src\\pages\\Dashboard.tsx","all":false,"statementMap":{"0":{"start":{"line":1,"column":0},"end":{"line":1,"column":49}},"1":{"start":{"line":2,"column":0},"end":{"line":2,"column":52}},"2":{"start":{"line":3,"column":0},"end":{"line":3,"column":49}},"4":{"start":{"line":5,"column":0},"end":{"line":5,"column":37}},"5":{"start":{"line":6,"column":0},"end":{"line":6,"column":37}},"6":{"start":{"line":7,"column":0},"end":{"line":7,"column":32}},"8":{"start":{"line":9,"column":0},"end":{"line":9,"column":37}},"9":{"start":{"line":10,"column":0},"end":{"line":10,"column":19}},"10":{"start":{"line":11,"column":0},"end":{"line":11,"column":17}},"11":{"start":{"line":12,"column":0},"end":{"line":12,"column":3}},"13":{"start":{"line":14,"column":0},"end":{"line":14,"column":10}},"14":{"start":{"line":15,"column":0},"end":{"line":15,"column":45}},"15":{"start":{"line":16,"column":0},"end":{"line":16,"column":45}},"16":{"start":{"line":17,"column":0},"end":{"line":17,"column":103}},"17":{"start":{"line":18,"column":0},"end":{"line":18,"column":51}},"18":{"start":{"line":19,"column":0},"end":{"line":19,"column":80}},"19":{"start":{"line":20,"column":0},"end":{"line":20,"column":40}},"20":{"start":{"line":21,"column":0},"end":{"line":21,"column":19}},"21":{"start":{"line":22,"column":0},"end":{"line":22,"column":31}},"22":{"start":{"line":23,"column":0},"end":{"line":23,"column":95}},"23":{"start":{"line":24,"column":0},"end":{"line":24,"column":15}},"25":{"start":{"line":26,"column":0},"end":{"line":26,"column":21}},"26":{"start":{"line":27,"column":0},"end":{"line":27,"column":19}},"27":{"start":{"line":28,"column":0},"end":{"line":28,"column":29}},"28":{"start":{"line":29,"column":0},"end":{"line":29,"column":91}},"29":{"start":{"line":30,"column":0},"end":{"line":30,"column":15}},"31":{"start":{"line":32,"column":0},"end":{"line":32,"column":21}},"32":{"start":{"line":33,"column":0},"end":{"line":33,"column":18}},"33":{"start":{"line":34,"column":0},"end":{"line":34,"column":16}},"34":{"start":{"line":35,"column":0},"end":{"line":35,"column":51}},"35":{"start":{"line":36,"column":0},"end":{"line":36,"column":32}},"36":{"start":{"line":37,"column":0},"end":{"line":37,"column":38}},"37":{"start":{"line":38,"column":0},"end":{"line":38,"column":19}},"38":{"start":{"line":39,"column":0},"end":{"line":39,"column":19}},"39":{"start":{"line":40,"column":0},"end":{"line":40,"column":37}},"40":{"start":{"line":41,"column":0},"end":{"line":41,"column":129}},"41":{"start":{"line":42,"column":0},"end":{"line":42,"column":13}},"43":{"start":{"line":44,"column":0},"end":{"line":44,"column":21}},"44":{"start":{"line":45,"column":0},"end":{"line":45,"column":16}},"45":{"start":{"line":46,"column":0},"end":{"line":46,"column":14}},"46":{"start":{"line":47,"column":0},"end":{"line":47,"column":15}},"48":{"start":{"line":49,"column":0},"end":{"line":49,"column":68}},"49":{"start":{"line":50,"column":0},"end":{"line":50,"column":61}},"50":{"start":{"line":51,"column":0},"end":{"line":51,"column":99}},"51":{"start":{"line":52,"column":0},"end":{"line":52,"column":70}},"52":{"start":{"line":53,"column":0},"end":{"line":53,"column":14}},"54":{"start":{"line":55,"column":0},"end":{"line":55,"column":61}},"55":{"start":{"line":56,"column":0},"end":{"line":56,"column":87}},"56":{"start":{"line":57,"column":0},"end":{"line":57,"column":60}},"59":{"start":{"line":60,"column":0},"end":{"line":60,"column":14}},"60":{"start":{"line":61,"column":0},"end":{"line":61,"column":65}},"61":{"start":{"line":62,"column":0},"end":{"line":62,"column":74}},"62":{"start":{"line":63,"column":0},"end":{"line":63,"column":49}},"63":{"start":{"line":64,"column":0},"end":{"line":64,"column":64}},"64":{"start":{"line":65,"column":0},"end":{"line":65,"column":15}},"65":{"start":{"line":66,"column":0},"end":{"line":66,"column":14}},"67":{"start":{"line":68,"column":0},"end":{"line":68,"column":61}},"68":{"start":{"line":69,"column":0},"end":{"line":69,"column":82}},"69":{"start":{"line":70,"column":0},"end":{"line":70,"column":114}},"70":{"start":{"line":71,"column":0},"end":{"line":71,"column":65}},"71":{"start":{"line":72,"column":0},"end":{"line":72,"column":55}},"72":{"start":{"line":73,"column":0},"end":{"line":73,"column":59}},"73":{"start":{"line":74,"column":0},"end":{"line":74,"column":52}},"74":{"start":{"line":75,"column":0},"end":{"line":75,"column":48}},"75":{"start":{"line":76,"column":0},"end":{"line":76,"column":15}},"76":{"start":{"line":77,"column":0},"end":{"line":77,"column":14}},"78":{"start":{"line":79,"column":0},"end":{"line":79,"column":56}},"79":{"start":{"line":80,"column":0},"end":{"line":80,"column":88}},"80":{"start":{"line":81,"column":0},"end":{"line":81,"column":88}},"81":{"start":{"line":82,"column":0},"end":{"line":82,"column":43}},"82":{"start":{"line":83,"column":0},"end":{"line":83,"column":16}},"83":{"start":{"line":84,"column":0},"end":{"line":84,"column":14}},"84":{"start":{"line":85,"column":0},"end":{"line":85,"column":13}},"85":{"start":{"line":86,"column":0},"end":{"line":86,"column":10}},"87":{"start":{"line":88,"column":0},"end":{"line":88,"column":1}}},"s":{"0":1,"1":1,"2":1,"4":14,"5":14,"6":14,"8":14,"9":2,"10":2,"11":2,"13":14,"14":14,"15":14,"16":14,"17":14,"18":14,"19":14,"20":14,"21":14,"22":14,"23":14,"25":14,"26":14,"27":14,"28":14,"29":14,"31":14,"32":14,"33":14,"34":14,"35":14,"36":14,"37":14,"38":14,"39":14,"40":14,"41":14,"43":14,"44":14,"45":14,"46":14,"48":14,"49":14,"50":14,"51":14,"52":14,"54":14,"55":14,"56":14,"59":14,"60":14,"61":14,"62":14,"63":14,"64":14,"65":14,"67":14,"68":14,"69":14,"70":14,"71":14,"72":14,"73":14,"74":14,"75":14,"76":14,"78":14,"79":14,"80":14,"81":14,"82":14,"83":14,"84":14,"85":14,"87":14},"branchMap":{"0":{"type":"branch","line":5,"loc":{"start":{"line":5,"column":0},"end":{"line":88,"column":1}},"locations":[{"start":{"line":5,"column":0},"end":{"line":88,"column":1}}]},"1":{"type":"branch","line":9,"loc":{"start":{"line":9,"column":24},"end":{"line":12,"column":3}},"locations":[{"start":{"line":9,"column":24},"end":{"line":12,"column":3}}]}},"b":{"0":[14],"1":[2]},"fnMap":{"0":{"name":"Dashboard","decl":{"start":{"line":5,"column":0},"end":{"line":88,"column":1}},"loc":{"start":{"line":5,"column":0},"end":{"line":88,"column":1}},"line":5},"1":{"name":"handleSignOut","decl":{"start":{"line":9,"column":24},"end":{"line":12,"column":3}},"loc":{"start":{"line":9,"column":24},"end":{"line":12,"column":3}},"line":9}},"f":{"0":14,"1":2}}
,"C:\\Users\\arthu\\Documents\\Git\\lineup-manager\\src\\pages\\Home.tsx": {"path":"C:\\Users\\arthu\\Documents\\Git\\lineup-manager\\src\\pages\\Home.tsx","all":false,"statementMap":{"0":{"start":{"line":1,"column":0},"end":{"line":1,"column":39}},"1":{"start":{"line":2,"column":0},"end":{"line":2,"column":49}},"2":{"start":{"line":3,"column":0},"end":{"line":3,"column":49}},"4":{"start":{"line":5,"column":0},"end":{"line":5,"column":32}},"5":{"start":{"line":6,"column":0},"end":{"line":6,"column":37}},"7":{"start":{"line":8,"column":0},"end":{"line":8,"column":37}},"8":{"start":{"line":9,"column":0},"end":{"line":9,"column":19}},"9":{"start":{"line":10,"column":0},"end":{"line":10,"column":3}},"11":{"start":{"line":12,"column":0},"end":{"line":12,"column":10}},"12":{"start":{"line":13,"column":0},"end":{"line":13,"column":82}},"13":{"start":{"line":14,"column":0},"end":{"line":14,"column":16}},"14":{"start":{"line":15,"column":0},"end":{"line":15,"column":57}},"15":{"start":{"line":16,"column":0},"end":{"line":16,"column":105}},"16":{"start":{"line":17,"column":0},"end":{"line":17,"column":53}},"17":{"start":{"line":18,"column":0},"end":{"line":18,"column":81}},"18":{"start":{"line":19,"column":0},"end":{"line":19,"column":42}},"19":{"start":{"line":20,"column":0},"end":{"line":20,"column":21}},"20":{"start":{"line":21,"column":0},"end":{"line":21,"column":33}},"21":{"start":{"line":22,"column":0},"end":{"line":22,"column":90}},"22":{"start":{"line":23,"column":0},"end":{"line":23,"column":17}},"24":{"start":{"line":25,"column":0},"end":{"line":25,"column":23}},"25":{"start":{"line":26,"column":0},"end":{"line":26,"column":21}},"26":{"start":{"line":27,"column":0},"end":{"line":27,"column":31}},"27":{"start":{"line":28,"column":0},"end":{"line":28,"column":90}},"28":{"start":{"line":29,"column":0},"end":{"line":29,"column":17}},"30":{"start":{"line":31,"column":0},"end":{"line":31,"column":23}},"31":{"start":{"line":32,"column":0},"end":{"line":32,"column":20}},"32":{"start":{"line":33,"column":0},"end":{"line":33,"column":18}},"33":{"start":{"line":34,"column":0},"end":{"line":34,"column":53}},"34":{"start":{"line":35,"column":0},"end":{"line":35,"column":34}},"35":{"start":{"line":36,"column":0},"end":{"line":36,"column":40}},"36":{"start":{"line":37,"column":0},"end":{"line":37,"column":21}},"37":{"start":{"line":38,"column":0},"end":{"line":38,"column":21}},"38":{"start":{"line":39,"column":0},"end":{"line":39,"column":39}},"39":{"start":{"line":40,"column":0},"end":{"line":40,"column":150}},"40":{"start":{"line":41,"column":0},"end":{"line":41,"column":15}},"42":{"start":{"line":43,"column":0},"end":{"line":43,"column":23}},"43":{"start":{"line":44,"column":0},"end":{"line":44,"column":18}},"44":{"start":{"line":45,"column":0},"end":{"line":45,"column":16}},"45":{"start":{"line":46,"column":0},"end":{"line":46,"column":17}},"48":{"start":{"line":49,"column":0},"end":{"line":49,"column":85}},"49":{"start":{"line":50,"column":0},"end":{"line":50,"column":58}},"50":{"start":{"line":51,"column":0},"end":{"line":51,"column":69}},"51":{"start":{"line":52,"column":0},"end":{"line":52,"column":50}},"53":{"start":{"line":54,"column":0},"end":{"line":54,"column":14}},"55":{"start":{"line":56,"column":0},"end":{"line":56,"column":21}},"56":{"start":{"line":57,"column":0},"end":{"line":57,"column":65}},"57":{"start":{"line":58,"column":0},"end":{"line":58,"column":19}},"58":{"start":{"line":59,"column":0},"end":{"line":59,"column":27}},"59":{"start":{"line":60,"column":0},"end":{"line":60,"column":202}},"60":{"start":{"line":61,"column":0},"end":{"line":61,"column":15}},"62":{"start":{"line":63,"column":0},"end":{"line":63,"column":21}},"63":{"start":{"line":64,"column":0},"end":{"line":64,"column":19}},"64":{"start":{"line":65,"column":0},"end":{"line":65,"column":28}},"65":{"start":{"line":66,"column":0},"end":{"line":66,"column":203}},"66":{"start":{"line":67,"column":0},"end":{"line":67,"column":15}},"68":{"start":{"line":69,"column":0},"end":{"line":69,"column":21}},"69":{"start":{"line":70,"column":0},"end":{"line":70,"column":18}},"72":{"start":{"line":73,"column":0},"end":{"line":73,"column":20}},"73":{"start":{"line":74,"column":0},"end":{"line":74,"column":65}},"74":{"start":{"line":75,"column":0},"end":{"line":75,"column":19}},"75":{"start":{"line":76,"column":0},"end":{"line":76,"column":31}},"76":{"start":{"line":77,"column":0},"end":{"line":77,"column":202}},"77":{"start":{"line":78,"column":0},"end":{"line":78,"column":15}},"79":{"start":{"line":80,"column":0},"end":{"line":80,"column":21}},"80":{"start":{"line":81,"column":0},"end":{"line":81,"column":18}},"82":{"start":{"line":83,"column":0},"end":{"line":83,"column":14}},"83":{"start":{"line":84,"column":0},"end":{"line":84,"column":12}},"84":{"start":{"line":85,"column":0},"end":{"line":85,"column":10}},"86":{"start":{"line":87,"column":0},"end":{"line":87,"column":1}}},"s":{"0":1,"1":1,"2":1,"4":13,"5":13,"7":13,"8":2,"9":2,"11":13,"12":13,"13":13,"14":9,"15":9,"16":9,"17":9,"18":9,"19":9,"20":9,"21":9,"22":9,"24":9,"25":9,"26":9,"27":9,"28":9,"30":9,"31":9,"32":9,"33":9,"34":9,"35":9,"36":9,"37":9,"38":9,"39":9,"40":9,"42":9,"43":9,"44":9,"45":9,"48":13,"49":13,"50":13,"51":13,"53":13,"55":13,"56":4,"57":4,"58":4,"59":4,"60":4,"62":4,"63":4,"64":4,"65":4,"66":4,"68":4,"69":4,"72":13,"73":9,"74":9,"75":9,"76":9,"77":9,"79":9,"80":9,"82":13,"83":13,"84":13,"86":13},"branchMap":{"0":{"type":"branch","line":5,"loc":{"start":{"line":5,"column":0},"end":{"line":87,"column":1}},"locations":[{"start":{"line":5,"column":0},"end":{"line":87,"column":1}}]},"1":{"type":"branch","line":14,"loc":{"start":{"line":14,"column":7},"end":{"line":46,"column":17}},"locations":[{"start":{"line":14,"column":7},"end":{"line":46,"column":17}}]},"2":{"type":"branch","line":56,"loc":{"start":{"line":56,"column":12},"end":{"line":70,"column":18}},"locations":[{"start":{"line":56,"column":12},"end":{"line":70,"column":18}}]},"3":{"type":"branch","line":73,"loc":{"start":{"line":73,"column":11},"end":{"line":81,"column":18}},"locations":[{"start":{"line":73,"column":11},"end":{"line":81,"column":18}}]},"4":{"type":"branch","line":8,"loc":{"start":{"line":8,"column":24},"end":{"line":10,"column":3}},"locations":[{"start":{"line":8,"column":24},"end":{"line":10,"column":3}}]}},"b":{"0":[13],"1":[9],"2":[4],"3":[9],"4":[2]},"fnMap":{"0":{"name":"Home","decl":{"start":{"line":5,"column":0},"end":{"line":87,"column":1}},"loc":{"start":{"line":5,"column":0},"end":{"line":87,"column":1}},"line":5},"1":{"name":"handleSignOut","decl":{"start":{"line":8,"column":24},"end":{"line":10,"column":3}},"loc":{"start":{"line":8,"column":24},"end":{"line":10,"column":3}},"line":8}},"f":{"0":13,"1":2}}
,"C:\\Users\\arthu\\Documents\\Git\\lineup-manager\\src\\pages\\Login.tsx": {"path":"C:\\Users\\arthu\\Documents\\Git\\lineup-manager\\src\\pages\\Login.tsx","all":false,"statementMap":{"0":{"start":{"line":1,"column":0},"end":{"line":1,"column":32}},"2":{"start":{"line":3,"column":0},"end":{"line":3,"column":49}},"3":{"start":{"line":4,"column":0},"end":{"line":4,"column":52}},"5":{"start":{"line":6,"column":0},"end":{"line":6,"column":33}},"6":{"start":{"line":7,"column":0},"end":{"line":7,"column":40}},"7":{"start":{"line":8,"column":0},"end":{"line":8,"column":46}},"8":{"start":{"line":9,"column":0},"end":{"line":9,"column":57}},"9":{"start":{"line":10,"column":0},"end":{"line":10,"column":47}},"11":{"start":{"line":12,"column":0},"end":{"line":12,"column":30}},"12":{"start":{"line":13,"column":0},"end":{"line":13,"column":32}},"14":{"start":{"line":15,"column":0},"end":{"line":15,"column":48}},"15":{"start":{"line":16,"column":0},"end":{"line":16,"column":22}},"16":{"start":{"line":17,"column":0},"end":{"line":17,"column":18}},"17":{"start":{"line":18,"column":0},"end":{"line":18,"column":20}},"19":{"start":{"line":20,"column":0},"end":{"line":20,"column":9}},"20":{"start":{"line":21,"column":0},"end":{"line":21,"column":53}},"21":{"start":{"line":22,"column":0},"end":{"line":22,"column":18}},"22":{"start":{"line":23,"column":0},"end":{"line":23,"column":31}},"23":{"start":{"line":24,"column":0},"end":{"line":24,"column":14}},"24":{"start":{"line":25,"column":0},"end":{"line":25,"column":30}},"25":{"start":{"line":26,"column":0},"end":{"line":26,"column":7}},"26":{"start":{"line":27,"column":0},"end":{"line":27,"column":19}},"27":{"start":{"line":28,"column":0},"end":{"line":28,"column":46}},"28":{"start":{"line":29,"column":0},"end":{"line":29,"column":15}},"29":{"start":{"line":30,"column":0},"end":{"line":30,"column":23}},"30":{"start":{"line":31,"column":0},"end":{"line":31,"column":5}},"31":{"start":{"line":32,"column":0},"end":{"line":32,"column":3}},"33":{"start":{"line":34,"column":0},"end":{"line":34,"column":10}},"34":{"start":{"line":35,"column":0},"end":{"line":35,"column":82}},"35":{"start":{"line":36,"column":0},"end":{"line":36,"column":73}},"36":{"start":{"line":37,"column":0},"end":{"line":37,"column":86}},"38":{"start":{"line":39,"column":0},"end":{"line":39,"column":38}},"39":{"start":{"line":40,"column":0},"end":{"line":40,"column":32}},"40":{"start":{"line":41,"column":0},"end":{"line":41,"column":84}},"42":{"start":{"line":43,"column":0},"end":{"line":43,"column":20}},"43":{"start":{"line":44,"column":0},"end":{"line":44,"column":18}},"44":{"start":{"line":45,"column":0},"end":{"line":45,"column":24}},"45":{"start":{"line":46,"column":0},"end":{"line":46,"column":26}},"46":{"start":{"line":47,"column":0},"end":{"line":47,"column":27}},"47":{"start":{"line":48,"column":0},"end":{"line":48,"column":56}},"48":{"start":{"line":49,"column":0},"end":{"line":49,"column":43}},"49":{"start":{"line":50,"column":0},"end":{"line":50,"column":22}},"50":{"start":{"line":51,"column":0},"end":{"line":51,"column":32}},"51":{"start":{"line":52,"column":0},"end":{"line":52,"column":186}},"52":{"start":{"line":53,"column":0},"end":{"line":53,"column":14}},"53":{"start":{"line":54,"column":0},"end":{"line":54,"column":16}},"55":{"start":{"line":56,"column":0},"end":{"line":56,"column":32}},"56":{"start":{"line":57,"column":0},"end":{"line":57,"column":87}},"58":{"start":{"line":59,"column":0},"end":{"line":59,"column":20}},"59":{"start":{"line":60,"column":0},"end":{"line":60,"column":18}},"60":{"start":{"line":61,"column":0},"end":{"line":61,"column":27}},"61":{"start":{"line":62,"column":0},"end":{"line":62,"column":29}},"62":{"start":{"line":63,"column":0},"end":{"line":63,"column":30}},"63":{"start":{"line":64,"column":0},"end":{"line":64,"column":59}},"64":{"start":{"line":65,"column":0},"end":{"line":65,"column":36}},"65":{"start":{"line":66,"column":0},"end":{"line":66,"column":22}},"66":{"start":{"line":67,"column":0},"end":{"line":67,"column":27}},"67":{"start":{"line":68,"column":0},"end":{"line":68,"column":32}},"68":{"start":{"line":69,"column":0},"end":{"line":69,"column":186}},"69":{"start":{"line":70,"column":0},"end":{"line":70,"column":14}},"70":{"start":{"line":71,"column":0},"end":{"line":71,"column":16}},"72":{"start":{"line":73,"column":0},"end":{"line":73,"column":21}},"73":{"start":{"line":74,"column":0},"end":{"line":74,"column":86}},"74":{"start":{"line":75,"column":0},"end":{"line":75,"column":21}},"75":{"start":{"line":76,"column":0},"end":{"line":76,"column":18}},"78":{"start":{"line":79,"column":0},"end":{"line":79,"column":17}},"79":{"start":{"line":80,"column":0},"end":{"line":80,"column":25}},"80":{"start":{"line":81,"column":0},"end":{"line":81,"column":30}},"81":{"start":{"line":82,"column":0},"end":{"line":82,"column":180}},"83":{"start":{"line":84,"column":0},"end":{"line":84,"column":48}},"84":{"start":{"line":85,"column":0},"end":{"line":85,"column":19}},"85":{"start":{"line":86,"column":0},"end":{"line":86,"column":15}},"87":{"start":{"line":88,"column":0},"end":{"line":88,"column":56}},"88":{"start":{"line":89,"column":0},"end":{"line":89,"column":37}},"89":{"start":{"line":90,"column":0},"end":{"line":90,"column":107}},"91":{"start":{"line":92,"column":0},"end":{"line":92,"column":17}},"92":{"start":{"line":93,"column":0},"end":{"line":93,"column":14}},"93":{"start":{"line":94,"column":0},"end":{"line":94,"column":12}},"94":{"start":{"line":95,"column":0},"end":{"line":95,"column":10}},"96":{"start":{"line":97,"column":0},"end":{"line":97,"column":1}}},"s":{"0":1,"2":1,"3":1,"5":295,"6":295,"7":295,"8":295,"9":295,"11":295,"12":295,"14":295,"15":9,"16":9,"17":9,"19":9,"20":9,"21":9,"22":3,"23":9,"24":5,"25":5,"26":9,"27":1,"28":9,"29":9,"30":9,"31":9,"33":295,"34":295,"35":295,"36":295,"38":295,"39":295,"40":295,"42":295,"43":295,"44":295,"45":295,"46":295,"47":295,"48":295,"49":295,"50":295,"51":295,"52":295,"53":295,"55":295,"56":295,"58":295,"59":295,"60":295,"61":295,"62":295,"63":295,"64":295,"65":295,"66":295,"67":295,"68":295,"69":295,"70":295,"72":295,"73":20,"74":20,"75":20,"78":295,"79":295,"80":295,"81":295,"83":295,"84":295,"85":295,"87":295,"88":295,"89":295,"91":295,"92":295,"93":295,"94":295,"96":295},"branchMap":{"0":{"type":"branch","line":6,"loc":{"start":{"line":6,"column":0},"end":{"line":97,"column":1}},"locations":[{"start":{"line":6,"column":0},"end":{"line":97,"column":1}}]},"1":{"type":"branch","line":73,"loc":{"start":{"line":73,"column":11},"end":{"line":76,"column":18}},"locations":[{"start":{"line":73,"column":11},"end":{"line":76,"column":18}}]},"2":{"type":"branch","line":84,"loc":{"start":{"line":84,"column":13},"end":{"line":84,"column":38}},"locations":[{"start":{"line":84,"column":13},"end":{"line":84,"column":38}}]},"3":{"type":"branch","line":84,"loc":{"start":{"line":84,"column":23},"end":{"line":84,"column":48}},"locations":[{"start":{"line":84,"column":23},"end":{"line":84,"column":48}}]},"4":{"type":"branch","line":15,"loc":{"start":{"line":15,"column":23},"end":{"line":32,"column":3}},"locations":[{"start":{"line":15,"column":23},"end":{"line":32,"column":3}}]},"5":{"type":"branch","line":21,"loc":{"start":{"line":21,"column":52},"end":{"line":22,"column":17}},"locations":[{"start":{"line":21,"column":52},"end":{"line":22,"column":17}}]},"6":{"type":"branch","line":22,"loc":{"start":{"line":22,"column":17},"end":{"line":24,"column":13}},"locations":[{"start":{"line":22,"column":17},"end":{"line":24,"column":13}}]},"7":{"type":"branch","line":24,"loc":{"start":{"line":24,"column":6},"end":{"line":26,"column":7}},"locations":[{"start":{"line":24,"column":6},"end":{"line":26,"column":7}}]},"8":{"type":"branch","line":27,"loc":{"start":{"line":27,"column":4},"end":{"line":29,"column":6}},"locations":[{"start":{"line":27,"column":4},"end":{"line":29,"column":6}}]},"9":{"type":"branch","line":48,"loc":{"start":{"line":48,"column":24},"end":{"line":48,"column":56}},"locations":[{"start":{"line":48,"column":24},"end":{"line":48,"column":56}}]},"10":{"type":"branch","line":64,"loc":{"start":{"line":64,"column":24},"end":{"line":64,"column":59}},"locations":[{"start":{"line":64,"column":24},"end":{"line":64,"column":59}}]}},"b":{"0":[295],"1":[20],"2":[9],"3":[286],"4":[9],"5":[8],"6":[3],"7":[5],"8":[1],"9":[144],"10":[121]},"fnMap":{"0":{"name":"Login","decl":{"start":{"line":6,"column":0},"end":{"line":97,"column":1}},"loc":{"start":{"line":6,"column":0},"end":{"line":97,"column":1}},"line":6},"1":{"name":"handleSubmit","decl":{"start":{"line":15,"column":23},"end":{"line":32,"column":3}},"loc":{"start":{"line":15,"column":23},"end":{"line":32,"column":3}},"line":15},"2":{"name":"onChange","decl":{"start":{"line":48,"column":24},"end":{"line":48,"column":56}},"loc":{"start":{"line":48,"column":24},"end":{"line":48,"column":56}},"line":48},"3":{"name":"onChange","decl":{"start":{"line":64,"column":24},"end":{"line":64,"column":59}},"loc":{"start":{"line":64,"column":24},"end":{"line":64,"column":59}},"line":64}},"f":{"0":295,"1":9,"2":144,"3":121}}
,"C:\\Users\\arthu\\Documents\\Git\\lineup-manager\\src\\pages\\Profile.tsx": {"path":"C:\\Users\\arthu\\Documents\\Git\\lineup-manager\\src\\pages\\Profile.tsx","all":false,"statementMap":{"0":{"start":{"line":1,"column":0},"end":{"line":1,"column":43}},"2":{"start":{"line":3,"column":0},"end":{"line":3,"column":49}},"3":{"start":{"line":4,"column":0},"end":{"line":4,"column":52}},"4":{"start":{"line":5,"column":0},"end":{"line":5,"column":42}},"5":{"start":{"line":6,"column":0},"end":{"line":6,"column":49}},"7":{"start":{"line":8,"column":0},"end":{"line":8,"column":35}},"8":{"start":{"line":9,"column":0},"end":{"line":9,"column":37}},"9":{"start":{"line":10,"column":0},"end":{"line":10,"column":32}},"10":{"start":{"line":11,"column":0},"end":{"line":11,"column":46}},"11":{"start":{"line":12,"column":0},"end":{"line":12,"column":45}},"12":{"start":{"line":13,"column":0},"end":{"line":13,"column":51}},"13":{"start":{"line":14,"column":0},"end":{"line":14,"column":57}},"14":{"start":{"line":15,"column":0},"end":{"line":15,"column":61}},"16":{"start":{"line":17,"column":0},"end":{"line":17,"column":46}},"17":{"start":{"line":18,"column":0},"end":{"line":18,"column":65}},"19":{"start":{"line":20,"column":0},"end":{"line":20,"column":19}},"20":{"start":{"line":21,"column":0},"end":{"line":21,"column":15}},"21":{"start":{"line":22,"column":0},"end":{"line":22,"column":19}},"22":{"start":{"line":23,"column":0},"end":{"line":23,"column":5}},"23":{"start":{"line":24,"column":0},"end":{"line":24,"column":12}},"25":{"start":{"line":26,"column":0},"end":{"line":26,"column":35}},"26":{"start":{"line":27,"column":0},"end":{"line":27,"column":9}},"27":{"start":{"line":28,"column":0},"end":{"line":28,"column":22}},"28":{"start":{"line":29,"column":0},"end":{"line":29,"column":44}},"29":{"start":{"line":30,"column":0},"end":{"line":30,"column":25}},"30":{"start":{"line":31,"column":0},"end":{"line":31,"column":40}},"31":{"start":{"line":32,"column":0},"end":{"line":32,"column":27}},"32":{"start":{"line":33,"column":0},"end":{"line":33,"column":17}},"34":{"start":{"line":35,"column":0},"end":{"line":35,"column":47}},"36":{"start":{"line":37,"column":0},"end":{"line":37,"column":19}},"37":{"start":{"line":38,"column":0},"end":{"line":38,"column":7}},"39":{"start":{"line":40,"column":0},"end":{"line":40,"column":17}},"40":{"start":{"line":41,"column":0},"end":{"line":41,"column":41}},"41":{"start":{"line":42,"column":0},"end":{"line":42,"column":30}},"43":{"start":{"line":44,"column":0},"end":{"line":44,"column":58}},"44":{"start":{"line":45,"column":0},"end":{"line":45,"column":28}},"45":{"start":{"line":46,"column":0},"end":{"line":46,"column":42}},"46":{"start":{"line":47,"column":0},"end":{"line":47,"column":33}},"47":{"start":{"line":48,"column":0},"end":{"line":48,"column":9}},"48":{"start":{"line":49,"column":0},"end":{"line":49,"column":7}},"49":{"start":{"line":50,"column":0},"end":{"line":50,"column":24}},"50":{"start":{"line":51,"column":0},"end":{"line":51,"column":27}},"51":{"start":{"line":52,"column":0},"end":{"line":52,"column":15}},"52":{"start":{"line":53,"column":0},"end":{"line":53,"column":23}},"53":{"start":{"line":54,"column":0},"end":{"line":54,"column":5}},"54":{"start":{"line":55,"column":0},"end":{"line":55,"column":3}},"56":{"start":{"line":57,"column":0},"end":{"line":57,"column":78}},"57":{"start":{"line":58,"column":0},"end":{"line":58,"column":9}},"58":{"start":{"line":59,"column":0},"end":{"line":59,"column":24}},"59":{"start":{"line":60,"column":0},"end":{"line":60,"column":20}},"61":{"start":{"line":62,"column":0},"end":{"line":62,"column":67}},"62":{"start":{"line":63,"column":0},"end":{"line":63,"column":62}},"63":{"start":{"line":64,"column":0},"end":{"line":64,"column":7}},"65":{"start":{"line":66,"column":0},"end":{"line":66,"column":40}},"66":{"start":{"line":67,"column":0},"end":{"line":67,"column":48}},"67":{"start":{"line":68,"column":0},"end":{"line":68,"column":64}},"70":{"start":{"line":71,"column":0},"end":{"line":71,"column":59}},"71":{"start":{"line":72,"column":0},"end":{"line":72,"column":24}},"72":{"start":{"line":73,"column":0},"end":{"line":73,"column":49}},"74":{"start":{"line":75,"column":0},"end":{"line":75,"column":24}},"75":{"start":{"line":76,"column":0},"end":{"line":76,"column":25}},"76":{"start":{"line":77,"column":0},"end":{"line":77,"column":7}},"79":{"start":{"line":80,"column":0},"end":{"line":80,"column":54}},"80":{"start":{"line":81,"column":0},"end":{"line":81,"column":24}},"81":{"start":{"line":82,"column":0},"end":{"line":82,"column":31}},"83":{"start":{"line":84,"column":0},"end":{"line":84,"column":29}},"86":{"start":{"line":87,"column":0},"end":{"line":87,"column":51}},"87":{"start":{"line":88,"column":0},"end":{"line":88,"column":25}},"88":{"start":{"line":89,"column":0},"end":{"line":89,"column":17}},"89":{"start":{"line":90,"column":0},"end":{"line":90,"column":23}},"90":{"start":{"line":91,"column":0},"end":{"line":91,"column":31}},"91":{"start":{"line":92,"column":0},"end":{"line":92,"column":47}},"92":{"start":{"line":93,"column":0},"end":{"line":93,"column":10}},"94":{"start":{"line":95,"column":0},"end":{"line":95,"column":40}},"96":{"start":{"line":97,"column":0},"end":{"line":97,"column":49}},"97":{"start":{"line":98,"column":0},"end":{"line":98,"column":24}},"98":{"start":{"line":99,"column":0},"end":{"line":99,"column":27}},"99":{"start":{"line":100,"column":0},"end":{"line":100,"column":15}},"100":{"start":{"line":101,"column":0},"end":{"line":101,"column":25}},"101":{"start":{"line":102,"column":0},"end":{"line":102,"column":5}},"102":{"start":{"line":103,"column":0},"end":{"line":103,"column":3}},"104":{"start":{"line":105,"column":0},"end":{"line":105,"column":48}},"105":{"start":{"line":106,"column":0},"end":{"line":106,"column":22}},"106":{"start":{"line":107,"column":0},"end":{"line":107,"column":18}},"107":{"start":{"line":108,"column":0},"end":{"line":108,"column":20}},"108":{"start":{"line":109,"column":0},"end":{"line":109,"column":19}},"110":{"start":{"line":111,"column":0},"end":{"line":111,"column":9}},"111":{"start":{"line":112,"column":0},"end":{"line":112,"column":23}},"112":{"start":{"line":113,"column":0},"end":{"line":113,"column":21}},"113":{"start":{"line":114,"column":0},"end":{"line":114,"column":28}},"114":{"start":{"line":115,"column":0},"end":{"line":115,"column":45}},"115":{"start":{"line":116,"column":0},"end":{"line":116,"column":7}},"117":{"start":{"line":118,"column":0},"end":{"line":118,"column":71}},"119":{"start":{"line":120,"column":0},"end":{"line":120,"column":28}},"121":{"start":{"line":122,"column":0},"end":{"line":122,"column":49}},"122":{"start":{"line":123,"column":0},"end":{"line":123,"column":24}},"123":{"start":{"line":124,"column":0},"end":{"line":124,"column":27}},"124":{"start":{"line":125,"column":0},"end":{"line":125,"column":15}},"125":{"start":{"line":126,"column":0},"end":{"line":126,"column":22}},"126":{"start":{"line":127,"column":0},"end":{"line":127,"column":5}},"127":{"start":{"line":128,"column":0},"end":{"line":128,"column":3}},"129":{"start":{"line":130,"column":0},"end":{"line":130,"column":37}},"130":{"start":{"line":131,"column":0},"end":{"line":131,"column":19}},"131":{"start":{"line":132,"column":0},"end":{"line":132,"column":17}},"132":{"start":{"line":133,"column":0},"end":{"line":133,"column":3}},"134":{"start":{"line":135,"column":0},"end":{"line":135,"column":16}},"135":{"start":{"line":136,"column":0},"end":{"line":136,"column":12}},"136":{"start":{"line":137,"column":0},"end":{"line":137,"column":69}},"137":{"start":{"line":138,"column":0},"end":{"line":138,"column":71}},"138":{"start":{"line":139,"column":0},"end":{"line":139,"column":12}},"140":{"start":{"line":141,"column":0},"end":{"line":141,"column":3}},"142":{"start":{"line":143,"column":0},"end":{"line":143,"column":10}},"143":{"start":{"line":144,"column":0},"end":{"line":144,"column":45}},"144":{"start":{"line":145,"column":0},"end":{"line":145,"column":45}},"145":{"start":{"line":146,"column":0},"end":{"line":146,"column":103}},"146":{"start":{"line":147,"column":0},"end":{"line":147,"column":51}},"147":{"start":{"line":148,"column":0},"end":{"line":148,"column":80}},"148":{"start":{"line":149,"column":0},"end":{"line":149,"column":40}},"149":{"start":{"line":150,"column":0},"end":{"line":150,"column":19}},"150":{"start":{"line":151,"column":0},"end":{"line":151,"column":31}},"151":{"start":{"line":152,"column":0},"end":{"line":152,"column":91}},"152":{"start":{"line":153,"column":0},"end":{"line":153,"column":15}},"154":{"start":{"line":155,"column":0},"end":{"line":155,"column":21}},"155":{"start":{"line":156,"column":0},"end":{"line":156,"column":19}},"156":{"start":{"line":157,"column":0},"end":{"line":157,"column":29}},"157":{"start":{"line":158,"column":0},"end":{"line":158,"column":95}},"158":{"start":{"line":159,"column":0},"end":{"line":159,"column":15}},"160":{"start":{"line":161,"column":0},"end":{"line":161,"column":21}},"161":{"start":{"line":162,"column":0},"end":{"line":162,"column":18}},"162":{"start":{"line":163,"column":0},"end":{"line":163,"column":16}},"163":{"start":{"line":164,"column":0},"end":{"line":164,"column":51}},"164":{"start":{"line":165,"column":0},"end":{"line":165,"column":32}},"165":{"start":{"line":166,"column":0},"end":{"line":166,"column":38}},"166":{"start":{"line":167,"column":0},"end":{"line":167,"column":19}},"167":{"start":{"line":168,"column":0},"end":{"line":168,"column":19}},"168":{"start":{"line":169,"column":0},"end":{"line":169,"column":37}},"169":{"start":{"line":170,"column":0},"end":{"line":170,"column":129}},"170":{"start":{"line":171,"column":0},"end":{"line":171,"column":13}},"172":{"start":{"line":173,"column":0},"end":{"line":173,"column":21}},"173":{"start":{"line":174,"column":0},"end":{"line":174,"column":16}},"174":{"start":{"line":175,"column":0},"end":{"line":175,"column":14}},"175":{"start":{"line":176,"column":0},"end":{"line":176,"column":15}},"177":{"start":{"line":178,"column":0},"end":{"line":178,"column":68}},"178":{"start":{"line":179,"column":0},"end":{"line":179,"column":56}},"179":{"start":{"line":180,"column":0},"end":{"line":180,"column":81}},"181":{"start":{"line":182,"column":0},"end":{"line":182,"column":62}},"182":{"start":{"line":183,"column":0},"end":{"line":183,"column":89}},"183":{"start":{"line":184,"column":0},"end":{"line":184,"column":58}},"184":{"start":{"line":185,"column":0},"end":{"line":185,"column":86}},"185":{"start":{"line":186,"column":0},"end":{"line":186,"column":16}},"188":{"start":{"line":189,"column":0},"end":{"line":189,"column":62}},"189":{"start":{"line":190,"column":0},"end":{"line":190,"column":99}},"190":{"start":{"line":191,"column":0},"end":{"line":191,"column":53}},"191":{"start":{"line":192,"column":0},"end":{"line":192,"column":28}},"192":{"start":{"line":193,"column":0},"end":{"line":193,"column":20}},"193":{"start":{"line":194,"column":0},"end":{"line":194,"column":33}},"194":{"start":{"line":195,"column":0},"end":{"line":195,"column":30}},"195":{"start":{"line":196,"column":0},"end":{"line":196,"column":90}},"196":{"start":{"line":197,"column":0},"end":{"line":197,"column":18}},"198":{"start":{"line":199,"column":0},"end":{"line":199,"column":101}},"199":{"start":{"line":200,"column":0},"end":{"line":200,"column":59}},"200":{"start":{"line":201,"column":0},"end":{"line":201,"column":58}},"201":{"start":{"line":202,"column":0},"end":{"line":202,"column":25}},"202":{"start":{"line":203,"column":0},"end":{"line":203,"column":22}},"204":{"start":{"line":205,"column":0},"end":{"line":205,"column":38}},"205":{"start":{"line":206,"column":0},"end":{"line":206,"column":22}},"206":{"start":{"line":207,"column":0},"end":{"line":207,"column":29}},"207":{"start":{"line":208,"column":0},"end":{"line":208,"column":36}},"208":{"start":{"line":209,"column":0},"end":{"line":209,"column":34}},"209":{"start":{"line":210,"column":0},"end":{"line":210,"column":47}},"210":{"start":{"line":211,"column":0},"end":{"line":211,"column":38}},"211":{"start":{"line":212,"column":0},"end":{"line":212,"column":36}},"212":{"start":{"line":213,"column":0},"end":{"line":213,"column":18}},"213":{"start":{"line":214,"column":0},"end":{"line":214,"column":22}},"214":{"start":{"line":215,"column":0},"end":{"line":215,"column":41}},"215":{"start":{"line":216,"column":0},"end":{"line":216,"column":182}},"216":{"start":{"line":217,"column":0},"end":{"line":217,"column":68}},"217":{"start":{"line":218,"column":0},"end":{"line":218,"column":21}},"219":{"start":{"line":220,"column":0},"end":{"line":220,"column":69}},"220":{"start":{"line":221,"column":0},"end":{"line":221,"column":24}},"221":{"start":{"line":222,"column":0},"end":{"line":222,"column":87}},"222":{"start":{"line":223,"column":0},"end":{"line":223,"column":20}},"223":{"start":{"line":224,"column":0},"end":{"line":224,"column":18}},"224":{"start":{"line":225,"column":0},"end":{"line":225,"column":16}},"226":{"start":{"line":227,"column":0},"end":{"line":227,"column":40}},"227":{"start":{"line":228,"column":0},"end":{"line":228,"column":34}},"228":{"start":{"line":229,"column":0},"end":{"line":229,"column":89}},"230":{"start":{"line":231,"column":0},"end":{"line":231,"column":22}},"231":{"start":{"line":232,"column":0},"end":{"line":232,"column":20}},"232":{"start":{"line":233,"column":0},"end":{"line":233,"column":29}},"233":{"start":{"line":234,"column":0},"end":{"line":234,"column":27}},"234":{"start":{"line":235,"column":0},"end":{"line":235,"column":32}},"235":{"start":{"line":236,"column":0},"end":{"line":236,"column":61}},"236":{"start":{"line":237,"column":0},"end":{"line":237,"column":50}},"237":{"start":{"line":238,"column":0},"end":{"line":238,"column":33}},"238":{"start":{"line":239,"column":0},"end":{"line":239,"column":188}},"239":{"start":{"line":240,"column":0},"end":{"line":240,"column":16}},"240":{"start":{"line":241,"column":0},"end":{"line":241,"column":18}},"242":{"start":{"line":243,"column":0},"end":{"line":243,"column":23}},"243":{"start":{"line":244,"column":0},"end":{"line":244,"column":88}},"244":{"start":{"line":245,"column":0},"end":{"line":245,"column":23}},"245":{"start":{"line":246,"column":0},"end":{"line":246,"column":20}},"247":{"start":{"line":248,"column":0},"end":{"line":248,"column":25}},"248":{"start":{"line":249,"column":0},"end":{"line":249,"column":92}},"249":{"start":{"line":250,"column":0},"end":{"line":250,"column":25}},"250":{"start":{"line":251,"column":0},"end":{"line":251,"column":20}},"253":{"start":{"line":254,"column":0},"end":{"line":254,"column":19}},"254":{"start":{"line":255,"column":0},"end":{"line":255,"column":27}},"255":{"start":{"line":256,"column":0},"end":{"line":256,"column":31}},"256":{"start":{"line":257,"column":0},"end":{"line":257,"column":177}},"258":{"start":{"line":259,"column":0},"end":{"line":259,"column":55}},"259":{"start":{"line":260,"column":0},"end":{"line":260,"column":21}},"260":{"start":{"line":261,"column":0},"end":{"line":261,"column":17}},"261":{"start":{"line":262,"column":0},"end":{"line":262,"column":14}},"262":{"start":{"line":263,"column":0},"end":{"line":263,"column":13}},"263":{"start":{"line":264,"column":0},"end":{"line":264,"column":10}},"265":{"start":{"line":266,"column":0},"end":{"line":266,"column":1}}},"s":{"0":1,"2":1,"3":1,"4":1,"5":1,"7":106,"8":106,"9":106,"10":106,"11":106,"12":106,"13":106,"14":106,"16":106,"17":106,"19":106,"20":21,"21":21,"22":21,"23":106,"25":106,"26":21,"27":21,"28":21,"29":21,"30":21,"31":21,"32":21,"34":21,"36":1,"37":1,"39":21,"40":18,"41":18,"43":1,"44":1,"45":1,"46":1,"47":1,"48":18,"49":21,"50":1,"51":21,"52":21,"53":21,"54":21,"56":106,"57":4,"58":4,"59":4,"61":4,"62":0,"63":0,"65":4,"66":4,"67":4,"70":4,"71":4,"72":4,"74":4,"75":1,"76":1,"79":3,"80":3,"81":3,"83":3,"86":3,"87":3,"88":3,"89":3,"90":4,"91":4,"92":4,"94":4,"96":3,"97":4,"98":1,"99":4,"100":4,"101":4,"102":4,"104":106,"105":5,"106":5,"107":5,"108":5,"110":5,"111":5,"112":5,"113":5,"114":5,"115":5,"117":5,"119":5,"121":4,"122":5,"123":1,"124":5,"125":5,"126":5,"127":5,"129":106,"130":1,"131":1,"132":1,"134":106,"135":21,"136":21,"137":21,"138":21,"140":21,"142":85,"143":85,"144":85,"145":85,"146":85,"147":85,"148":85,"149":85,"150":85,"151":85,"152":85,"154":85,"155":85,"156":85,"157":85,"158":85,"160":85,"161":85,"162":85,"163":85,"164":85,"165":85,"166":85,"167":85,"168":85,"169":85,"170":85,"172":85,"173":85,"174":85,"175":85,"177":85,"178":85,"179":85,"181":85,"182":85,"183":106,"184":106,"185":106,"188":106,"189":106,"190":106,"191":106,"192":3,"193":3,"194":3,"195":3,"196":3,"198":82,"199":82,"200":82,"201":82,"202":82,"204":106,"205":106,"206":106,"207":106,"208":106,"209":106,"210":106,"211":106,"212":106,"213":106,"214":106,"215":106,"216":106,"217":106,"219":106,"220":106,"221":106,"222":106,"223":106,"224":106,"226":106,"227":106,"228":106,"230":106,"231":106,"232":106,"233":106,"234":106,"235":106,"236":106,"237":106,"238":106,"239":106,"240":106,"242":106,"243":3,"244":3,"245":3,"247":106,"248":4,"249":4,"250":4,"253":106,"254":106,"255":106,"256":106,"258":106,"259":106,"260":106,"261":106,"262":106,"263":106,"265":106},"branchMap":{"0":{"type":"branch","line":8,"loc":{"start":{"line":8,"column":0},"end":{"line":266,"column":1}},"locations":[{"start":{"line":8,"column":0},"end":{"line":266,"column":1}}]},"1":{"type":"branch","line":135,"loc":{"start":{"line":135,"column":15},"end":{"line":141,"column":3}},"locations":[{"start":{"line":135,"column":15},"end":{"line":141,"column":3}}]},"2":{"type":"branch","line":141,"loc":{"start":{"line":141,"column":2},"end":{"line":184,"column":54}},"locations":[{"start":{"line":141,"column":2},"end":{"line":184,"column":54}}]},"3":{"type":"branch","line":192,"loc":{"start":{"line":192,"column":15},"end":{"line":197,"column":18}},"locations":[{"start":{"line":192,"column":15},"end":{"line":197,"column":18}}]},"4":{"type":"branch","line":197,"loc":{"start":{"line":197,"column":16},"end":{"line":203,"column":22}},"locations":[{"start":{"line":197,"column":16},"end":{"line":203,"column":22}}]},"5":{"type":"branch","line":217,"loc":{"start":{"line":217,"column":20},"end":{"line":217,"column":66}},"locations":[{"start":{"line":217,"column":20},"end":{"line":217,"column":66}}]},"6":{"type":"branch","line":217,"loc":{"start":{"line":217,"column":32},"end":{"line":217,"column":68}},"locations":[{"start":{"line":217,"column":32},"end":{"line":217,"column":68}}]},"7":{"type":"branch","line":220,"loc":{"start":{"line":220,"column":19},"end":{"line":220,"column":48}},"locations":[{"start":{"line":220,"column":19},"end":{"line":220,"column":48}}]},"8":{"type":"branch","line":220,"loc":{"start":{"line":220,"column":31},"end":{"line":220,"column":69}},"locations":[{"start":{"line":220,"column":31},"end":{"line":220,"column":69}}]},"9":{"type":"branch","line":243,"loc":{"start":{"line":243,"column":13},"end":{"line":246,"column":20}},"locations":[{"start":{"line":243,"column":13},"end":{"line":246,"column":20}}]},"10":{"type":"branch","line":248,"loc":{"start":{"line":248,"column":13},"end":{"line":251,"column":20}},"locations":[{"start":{"line":248,"column":13},"end":{"line":251,"column":20}}]},"11":{"type":"branch","line":259,"loc":{"start":{"line":259,"column":15},"end":{"line":259,"column":38}},"locations":[{"start":{"line":259,"column":15},"end":{"line":259,"column":38}}]},"12":{"type":"branch","line":259,"loc":{"start":{"line":259,"column":24},"end":{"line":259,"column":55}},"locations":[{"start":{"line":259,"column":24},"end":{"line":259,"column":55}}]},"13":{"type":"branch","line":20,"loc":{"start":{"line":20,"column":12},"end":{"line":24,"column":5}},"locations":[{"start":{"line":20,"column":12},"end":{"line":24,"column":5}}]},"14":{"type":"branch","line":26,"loc":{"start":{"line":26,"column":22},"end":{"line":55,"column":3}},"locations":[{"start":{"line":26,"column":22},"end":{"line":55,"column":3}}]},"15":{"type":"branch","line":35,"loc":{"start":{"line":35,"column":10},"end":{"line":35,"column":46}},"locations":[{"start":{"line":35,"column":10},"end":{"line":35,"column":46}}]},"16":{"type":"branch","line":35,"loc":{"start":{"line":35,"column":46},"end":{"line":38,"column":7}},"locations":[{"start":{"line":35,"column":46},"end":{"line":38,"column":7}}]},"17":{"type":"branch","line":38,"loc":{"start":{"line":38,"column":6},"end":{"line":40,"column":16}},"locations":[{"start":{"line":38,"column":6},"end":{"line":40,"column":16}}]},"18":{"type":"branch","line":40,"loc":{"start":{"line":40,"column":16},"end":{"line":49,"column":7}},"locations":[{"start":{"line":40,"column":16},"end":{"line":49,"column":7}}]},"19":{"type":"branch","line":41,"loc":{"start":{"line":41,"column":25},"end":{"line":41,"column":40}},"locations":[{"start":{"line":41,"column":25},"end":{"line":41,"column":40}}]},"20":{"type":"branch","line":42,"loc":{"start":{"line":42,"column":29},"end":{"line":48,"column":9}},"locations":[{"start":{"line":42,"column":29},"end":{"line":48,"column":9}}]},"21":{"type":"branch","line":50,"loc":{"start":{"line":50,"column":4},"end":{"line":52,"column":6}},"locations":[{"start":{"line":50,"column":4},"end":{"line":52,"column":6}}]},"22":{"type":"branch","line":57,"loc":{"start":{"line":57,"column":29},"end":{"line":103,"column":3}},"locations":[{"start":{"line":57,"column":29},"end":{"line":103,"column":3}}]},"23":{"type":"branch","line":62,"loc":{"start":{"line":62,"column":66},"end":{"line":64,"column":7}},"locations":[{"start":{"line":62,"column":66},"end":{"line":64,"column":7}}]},"24":{"type":"branch","line":75,"loc":{"start":{"line":75,"column":23},"end":{"line":77,"column":7}},"locations":[{"start":{"line":75,"column":23},"end":{"line":77,"column":7}}]},"25":{"type":"branch","line":77,"loc":{"start":{"line":77,"column":6},"end":{"line":90,"column":23}},"locations":[{"start":{"line":77,"column":6},"end":{"line":90,"column":23}}]},"26":{"type":"branch","line":93,"loc":{"start":{"line":93,"column":9},"end":{"line":95,"column":29}},"locations":[{"start":{"line":93,"column":9},"end":{"line":95,"column":29}}]},"27":{"type":"branch","line":95,"loc":{"start":{"line":95,"column":23},"end":{"line":95,"column":40}},"locations":[{"start":{"line":95,"column":23},"end":{"line":95,"column":40}}]},"28":{"type":"branch","line":95,"loc":{"start":{"line":95,"column":29},"end":{"line":98,"column":13}},"locations":[{"start":{"line":95,"column":29},"end":{"line":98,"column":13}}]},"29":{"type":"branch","line":98,"loc":{"start":{"line":98,"column":4},"end":{"line":100,"column":6}},"locations":[{"start":{"line":98,"column":4},"end":{"line":100,"column":6}}]},"30":{"type":"branch","line":105,"loc":{"start":{"line":105,"column":23},"end":{"line":128,"column":3}},"locations":[{"start":{"line":105,"column":23},"end":{"line":128,"column":3}}]},"31":{"type":"branch","line":120,"loc":{"start":{"line":120,"column":17},"end":{"line":120,"column":28}},"locations":[{"start":{"line":120,"column":17},"end":{"line":120,"column":28}}]},"32":{"type":"branch","line":120,"loc":{"start":{"line":120,"column":23},"end":{"line":123,"column":13}},"locations":[{"start":{"line":120,"column":23},"end":{"line":123,"column":13}}]},"33":{"type":"branch","line":123,"loc":{"start":{"line":123,"column":4},"end":{"line":125,"column":6}},"locations":[{"start":{"line":123,"column":4},"end":{"line":125,"column":6}}]},"34":{"type":"branch","line":130,"loc":{"start":{"line":130,"column":24},"end":{"line":133,"column":3}},"locations":[{"start":{"line":130,"column":24},"end":{"line":133,"column":3}}]},"35":{"type":"branch","line":236,"loc":{"start":{"line":236,"column":26},"end":{"line":236,"column":61}},"locations":[{"start":{"line":236,"column":26},"end":{"line":236,"column":61}}]}},"b":{"0":[106],"1":[21],"2":[85],"3":[3],"4":[82],"5":[4],"6":[81],"7":[4],"8":[81],"9":[3],"10":[4],"11":[5],"12":[80],"13":[21],"14":[21],"15":[3],"16":[1],"17":[20],"18":[18],"19":[5],"20":[1],"21":[1],"22":[4],"23":[0],"24":[1],"25":[3],"26":[3],"27":[0],"28":[3],"29":[1],"30":[5],"31":[1],"32":[4],"33":[1],"34":[1],"35":[50]},"fnMap":{"0":{"name":"Profile","decl":{"start":{"line":8,"column":0},"end":{"line":266,"column":1}},"loc":{"start":{"line":8,"column":0},"end":{"line":266,"column":1}},"line":8},"1":{"name":"loadProfile","decl":{"start":{"line":26,"column":22},"end":{"line":55,"column":3}},"loc":{"start":{"line":26,"column":22},"end":{"line":55,"column":3}},"line":26},"2":{"name":"handleAvatarUpload","decl":{"start":{"line":57,"column":29},"end":{"line":103,"column":3}},"loc":{"start":{"line":57,"column":29},"end":{"line":103,"column":3}},"line":57},"3":{"name":"handleSubmit","decl":{"start":{"line":105,"column":23},"end":{"line":128,"column":3}},"loc":{"start":{"line":105,"column":23},"end":{"line":128,"column":3}},"line":105},"4":{"name":"handleSignOut","decl":{"start":{"line":130,"column":24},"end":{"line":133,"column":3}},"loc":{"start":{"line":130,"column":24},"end":{"line":133,"column":3}},"line":130},"5":{"name":"onChange","decl":{"start":{"line":236,"column":26},"end":{"line":236,"column":61}},"loc":{"start":{"line":236,"column":26},"end":{"line":236,"column":61}},"line":236}},"f":{"0":106,"1":21,"2":4,"3":5,"4":1,"5":50}}
,"C:\\Users\\arthu\\Documents\\Git\\lineup-manager\\src\\pages\\Signup.tsx": {"path":"C:\\Users\\arthu\\Documents\\Git\\lineup-manager\\src\\pages\\Signup.tsx","all":false,"statementMap":{"0":{"start":{"line":1,"column":0},"end":{"line":1,"column":32}},"2":{"start":{"line":3,"column":0},"end":{"line":3,"column":49}},"3":{"start":{"line":4,"column":0},"end":{"line":4,"column":39}},"5":{"start":{"line":6,"column":0},"end":{"line":6,"column":34}},"6":{"start":{"line":7,"column":0},"end":{"line":7,"column":40}},"7":{"start":{"line":8,"column":0},"end":{"line":8,"column":46}},"8":{"start":{"line":9,"column":0},"end":{"line":9,"column":57}},"9":{"start":{"line":10,"column":0},"end":{"line":10,"column":47}},"10":{"start":{"line":11,"column":0},"end":{"line":11,"column":61}},"12":{"start":{"line":13,"column":0},"end":{"line":13,"column":30}},"14":{"start":{"line":15,"column":0},"end":{"line":15,"column":48}},"15":{"start":{"line":16,"column":0},"end":{"line":16,"column":22}},"16":{"start":{"line":17,"column":0},"end":{"line":17,"column":18}},"17":{"start":{"line":18,"column":0},"end":{"line":18,"column":20}},"18":{"start":{"line":19,"column":0},"end":{"line":19,"column":20}},"20":{"start":{"line":21,"column":0},"end":{"line":21,"column":9}},"21":{"start":{"line":22,"column":0},"end":{"line":22,"column":53}},"22":{"start":{"line":23,"column":0},"end":{"line":23,"column":18}},"23":{"start":{"line":24,"column":0},"end":{"line":24,"column":31}},"24":{"start":{"line":25,"column":0},"end":{"line":25,"column":14}},"25":{"start":{"line":26,"column":0},"end":{"line":26,"column":74}},"26":{"start":{"line":27,"column":0},"end":{"line":27,"column":20}},"27":{"start":{"line":28,"column":0},"end":{"line":28,"column":23}},"28":{"start":{"line":29,"column":0},"end":{"line":29,"column":7}},"29":{"start":{"line":30,"column":0},"end":{"line":30,"column":19}},"30":{"start":{"line":31,"column":0},"end":{"line":31,"column":46}},"31":{"start":{"line":32,"column":0},"end":{"line":32,"column":15}},"32":{"start":{"line":33,"column":0},"end":{"line":33,"column":23}},"33":{"start":{"line":34,"column":0},"end":{"line":34,"column":5}},"34":{"start":{"line":35,"column":0},"end":{"line":35,"column":3}},"36":{"start":{"line":37,"column":0},"end":{"line":37,"column":10}},"37":{"start":{"line":38,"column":0},"end":{"line":38,"column":82}},"38":{"start":{"line":39,"column":0},"end":{"line":39,"column":73}},"39":{"start":{"line":40,"column":0},"end":{"line":40,"column":86}},"41":{"start":{"line":42,"column":0},"end":{"line":42,"column":38}},"42":{"start":{"line":43,"column":0},"end":{"line":43,"column":32}},"43":{"start":{"line":44,"column":0},"end":{"line":44,"column":84}},"45":{"start":{"line":46,"column":0},"end":{"line":46,"column":20}},"46":{"start":{"line":47,"column":0},"end":{"line":47,"column":18}},"47":{"start":{"line":48,"column":0},"end":{"line":48,"column":24}},"48":{"start":{"line":49,"column":0},"end":{"line":49,"column":26}},"49":{"start":{"line":50,"column":0},"end":{"line":50,"column":27}},"50":{"start":{"line":51,"column":0},"end":{"line":51,"column":56}},"51":{"start":{"line":52,"column":0},"end":{"line":52,"column":43}},"52":{"start":{"line":53,"column":0},"end":{"line":53,"column":22}},"53":{"start":{"line":54,"column":0},"end":{"line":54,"column":32}},"54":{"start":{"line":55,"column":0},"end":{"line":55,"column":186}},"55":{"start":{"line":56,"column":0},"end":{"line":56,"column":14}},"56":{"start":{"line":57,"column":0},"end":{"line":57,"column":16}},"58":{"start":{"line":59,"column":0},"end":{"line":59,"column":32}},"59":{"start":{"line":60,"column":0},"end":{"line":60,"column":87}},"61":{"start":{"line":62,"column":0},"end":{"line":62,"column":20}},"62":{"start":{"line":63,"column":0},"end":{"line":63,"column":18}},"63":{"start":{"line":64,"column":0},"end":{"line":64,"column":27}},"64":{"start":{"line":65,"column":0},"end":{"line":65,"column":29}},"65":{"start":{"line":66,"column":0},"end":{"line":66,"column":30}},"66":{"start":{"line":67,"column":0},"end":{"line":67,"column":59}},"67":{"start":{"line":68,"column":0},"end":{"line":68,"column":36}},"68":{"start":{"line":69,"column":0},"end":{"line":69,"column":22}},"69":{"start":{"line":70,"column":0},"end":{"line":70,"column":27}},"70":{"start":{"line":71,"column":0},"end":{"line":71,"column":32}},"71":{"start":{"line":72,"column":0},"end":{"line":72,"column":186}},"72":{"start":{"line":73,"column":0},"end":{"line":73,"column":14}},"73":{"start":{"line":74,"column":0},"end":{"line":74,"column":16}},"75":{"start":{"line":76,"column":0},"end":{"line":76,"column":21}},"76":{"start":{"line":77,"column":0},"end":{"line":77,"column":86}},"77":{"start":{"line":78,"column":0},"end":{"line":78,"column":21}},"78":{"start":{"line":79,"column":0},"end":{"line":79,"column":18}},"80":{"start":{"line":81,"column":0},"end":{"line":81,"column":23}},"81":{"start":{"line":82,"column":0},"end":{"line":82,"column":90}},"82":{"start":{"line":83,"column":0},"end":{"line":83,"column":23}},"83":{"start":{"line":84,"column":0},"end":{"line":84,"column":18}},"86":{"start":{"line":87,"column":0},"end":{"line":87,"column":17}},"87":{"start":{"line":88,"column":0},"end":{"line":88,"column":25}},"88":{"start":{"line":89,"column":0},"end":{"line":89,"column":30}},"89":{"start":{"line":90,"column":0},"end":{"line":90,"column":180}},"91":{"start":{"line":92,"column":0},"end":{"line":92,"column":48}},"92":{"start":{"line":93,"column":0},"end":{"line":93,"column":19}},"93":{"start":{"line":94,"column":0},"end":{"line":94,"column":15}},"95":{"start":{"line":96,"column":0},"end":{"line":96,"column":56}},"96":{"start":{"line":97,"column":0},"end":{"line":97,"column":39}},"97":{"start":{"line":98,"column":0},"end":{"line":98,"column":106}},"99":{"start":{"line":100,"column":0},"end":{"line":100,"column":17}},"100":{"start":{"line":101,"column":0},"end":{"line":101,"column":14}},"101":{"start":{"line":102,"column":0},"end":{"line":102,"column":12}},"102":{"start":{"line":103,"column":0},"end":{"line":103,"column":10}},"104":{"start":{"line":105,"column":0},"end":{"line":105,"column":1}}},"s":{"0":1,"2":1,"3":1,"5":421,"6":421,"7":421,"8":421,"9":421,"10":421,"12":421,"14":421,"15":12,"16":12,"17":12,"18":12,"20":12,"21":12,"22":12,"23":4,"24":12,"25":7,"26":7,"27":7,"28":7,"29":12,"30":1,"31":12,"32":12,"33":12,"34":12,"36":421,"37":421,"38":421,"39":421,"41":421,"42":421,"43":421,"45":421,"46":421,"47":421,"48":421,"49":421,"50":421,"51":421,"52":421,"53":421,"54":421,"55":421,"56":421,"58":421,"59":421,"61":421,"62":421,"63":421,"64":421,"65":421,"66":421,"67":421,"68":421,"69":421,"70":421,"71":421,"72":421,"73":421,"75":421,"76":25,"77":25,"78":25,"80":421,"81":35,"82":35,"83":35,"86":421,"87":421,"88":421,"89":421,"91":421,"92":421,"93":421,"95":421,"96":421,"97":421,"99":421,"100":421,"101":421,"102":421,"104":421},"branchMap":{"0":{"type":"branch","line":6,"loc":{"start":{"line":6,"column":0},"end":{"line":105,"column":1}},"locations":[{"start":{"line":6,"column":0},"end":{"line":105,"column":1}}]},"1":{"type":"branch","line":76,"loc":{"start":{"line":76,"column":11},"end":{"line":79,"column":18}},"locations":[{"start":{"line":76,"column":11},"end":{"line":79,"column":18}}]},"2":{"type":"branch","line":81,"loc":{"start":{"line":81,"column":11},"end":{"line":84,"column":18}},"locations":[{"start":{"line":81,"column":11},"end":{"line":84,"column":18}}]},"3":{"type":"branch","line":92,"loc":{"start":{"line":92,"column":13},"end":{"line":92,"column":38}},"locations":[{"start":{"line":92,"column":13},"end":{"line":92,"column":38}}]},"4":{"type":"branch","line":92,"loc":{"start":{"line":92,"column":23},"end":{"line":92,"column":48}},"locations":[{"start":{"line":92,"column":23},"end":{"line":92,"column":48}}]},"5":{"type":"branch","line":15,"loc":{"start":{"line":15,"column":23},"end":{"line":35,"column":3}},"locations":[{"start":{"line":15,"column":23},"end":{"line":35,"column":3}}]},"6":{"type":"branch","line":22,"loc":{"start":{"line":22,"column":52},"end":{"line":23,"column":17}},"locations":[{"start":{"line":22,"column":52},"end":{"line":23,"column":17}}]},"7":{"type":"branch","line":23,"loc":{"start":{"line":23,"column":17},"end":{"line":25,"column":13}},"locations":[{"start":{"line":23,"column":17},"end":{"line":25,"column":13}}]},"8":{"type":"branch","line":25,"loc":{"start":{"line":25,"column":6},"end":{"line":29,"column":7}},"locations":[{"start":{"line":25,"column":6},"end":{"line":29,"column":7}}]},"9":{"type":"branch","line":30,"loc":{"start":{"line":30,"column":4},"end":{"line":32,"column":6}},"locations":[{"start":{"line":30,"column":4},"end":{"line":32,"column":6}}]},"10":{"type":"branch","line":51,"loc":{"start":{"line":51,"column":24},"end":{"line":51,"column":56}},"locations":[{"start":{"line":51,"column":24},"end":{"line":51,"column":56}}]},"11":{"type":"branch","line":67,"loc":{"start":{"line":67,"column":24},"end":{"line":67,"column":59}},"locations":[{"start":{"line":67,"column":24},"end":{"line":67,"column":59}}]}},"b":{"0":[421],"1":[25],"2":[35],"3":[12],"4":[409],"5":[12],"6":[11],"7":[4],"8":[7],"9":[1],"10":[251],"11":[132]},"fnMap":{"0":{"name":"Signup","decl":{"start":{"line":6,"column":0},"end":{"line":105,"column":1}},"loc":{"start":{"line":6,"column":0},"end":{"line":105,"column":1}},"line":6},"1":{"name":"handleSubmit","decl":{"start":{"line":15,"column":23},"end":{"line":35,"column":3}},"loc":{"start":{"line":15,"column":23},"end":{"line":35,"column":3}},"line":15},"2":{"name":"onChange","decl":{"start":{"line":51,"column":24},"end":{"line":51,"column":56}},"loc":{"start":{"line":51,"column":24},"end":{"line":51,"column":56}},"line":51},"3":{"name":"onChange","decl":{"start":{"line":67,"column":24},"end":{"line":67,"column":59}},"loc":{"start":{"line":67,"column":24},"end":{"line":67,"column":59}},"line":67}},"f":{"0":421,"1":12,"2":251,"3":132}}
}
